{"/home/cchromos/Документы/coding/sberUniversity/dogFood/src/api/api.ts": {"path":"/home/cchromos/Документы/coding/sberUniversity/dogFood/src/api/api.ts","statementMap":{"0":{"start":{"line":32,"column":24},"end":{"line":32,"column":55}},"1":{"start":{"line":33,"column":39},"end":{"line":33,"column":46}},"2":{"start":{"line":35,"column":18},"end":{"line":38,"column":2}},"3":{"start":{"line":35,"column":25},"end":{"line":38,"column":1}},"4":{"start":{"line":50,"column":2},"end":{"line":50,"column":25}},"5":{"start":{"line":51,"column":2},"end":{"line":51,"column":25}},"6":{"start":{"line":55,"column":2},"end":{"line":55,"column":77}},"7":{"start":{"line":55,"column":56},"end":{"line":55,"column":75}},"8":{"start":{"line":59,"column":2},"end":{"line":59,"column":34}},"9":{"start":{"line":63,"column":2},"end":{"line":68,"column":27}},"10":{"start":{"line":72,"column":2},"end":{"line":79,"column":27}},"11":{"start":{"line":83,"column":2},"end":{"line":88,"column":27}},"12":{"start":{"line":92,"column":2},"end":{"line":99,"column":27}},"13":{"start":{"line":103,"column":2},"end":{"line":109,"column":27}},"14":{"start":{"line":113,"column":2},"end":{"line":118,"column":27}},"15":{"start":{"line":122,"column":2},"end":{"line":129,"column":27}},"16":{"start":{"line":133,"column":2},"end":{"line":133,"column":67}},"17":{"start":{"line":137,"column":2},"end":{"line":142,"column":27}},"18":{"start":{"line":146,"column":2},"end":{"line":152,"column":27}},"19":{"start":{"line":156,"column":19},"end":{"line":162,"column":2}}},"fnMap":{"0":{"name":"(anonymous_0)","decl":{"start":{"line":35,"column":18},"end":{"line":35,"column":19}},"loc":{"start":{"line":35,"column":25},"end":{"line":38,"column":1}},"line":35},"1":{"name":"(anonymous_1)","decl":{"start":{"line":49,"column":1},"end":{"line":49,"column":2}},"loc":{"start":{"line":49,"column":47},"end":{"line":52,"column":2}},"line":49},"2":{"name":"(anonymous_2)","decl":{"start":{"line":54,"column":1},"end":{"line":54,"column":2}},"loc":{"start":{"line":54,"column":35},"end":{"line":56,"column":2}},"line":54},"3":{"name":"(anonymous_3)","decl":{"start":{"line":55,"column":47},"end":{"line":55,"column":48}},"loc":{"start":{"line":55,"column":56},"end":{"line":55,"column":75}},"line":55},"4":{"name":"(anonymous_4)","decl":{"start":{"line":58,"column":1},"end":{"line":58,"column":2}},"loc":{"start":{"line":58,"column":33},"end":{"line":60,"column":2}},"line":58},"5":{"name":"(anonymous_5)","decl":{"start":{"line":62,"column":1},"end":{"line":62,"column":2}},"loc":{"start":{"line":62,"column":15},"end":{"line":69,"column":2}},"line":62},"6":{"name":"(anonymous_6)","decl":{"start":{"line":71,"column":1},"end":{"line":71,"column":2}},"loc":{"start":{"line":71,"column":52},"end":{"line":80,"column":2}},"line":71},"7":{"name":"(anonymous_7)","decl":{"start":{"line":82,"column":1},"end":{"line":82,"column":2}},"loc":{"start":{"line":82,"column":19},"end":{"line":89,"column":2}},"line":82},"8":{"name":"(anonymous_8)","decl":{"start":{"line":91,"column":1},"end":{"line":91,"column":2}},"loc":{"start":{"line":91,"column":46},"end":{"line":100,"column":2}},"line":91},"9":{"name":"(anonymous_9)","decl":{"start":{"line":102,"column":1},"end":{"line":102,"column":2}},"loc":{"start":{"line":102,"column":39},"end":{"line":110,"column":2}},"line":102},"10":{"name":"(anonymous_10)","decl":{"start":{"line":112,"column":1},"end":{"line":112,"column":2}},"loc":{"start":{"line":112,"column":36},"end":{"line":119,"column":2}},"line":112},"11":{"name":"(anonymous_11)","decl":{"start":{"line":121,"column":1},"end":{"line":121,"column":2}},"loc":{"start":{"line":121,"column":67},"end":{"line":130,"column":2}},"line":121},"12":{"name":"(anonymous_12)","decl":{"start":{"line":132,"column":1},"end":{"line":132,"column":2}},"loc":{"start":{"line":132,"column":14},"end":{"line":134,"column":2}},"line":132},"13":{"name":"(anonymous_13)","decl":{"start":{"line":136,"column":1},"end":{"line":136,"column":2}},"loc":{"start":{"line":136,"column":29},"end":{"line":143,"column":2}},"line":136},"14":{"name":"(anonymous_14)","decl":{"start":{"line":145,"column":1},"end":{"line":145,"column":2}},"loc":{"start":{"line":145,"column":59},"end":{"line":153,"column":2}},"line":145}},"branchMap":{"0":{"loc":{"start":{"line":55,"column":9},"end":{"line":55,"column":76}},"type":"cond-expr","locations":[{"start":{"line":55,"column":18},"end":{"line":55,"column":28}},{"start":{"line":55,"column":31},"end":{"line":55,"column":76}}],"line":55},"1":{"loc":{"start":{"line":147,"column":11},"end":{"line":147,"column":34}},"type":"cond-expr","locations":[{"start":{"line":147,"column":18},"end":{"line":147,"column":26}},{"start":{"line":147,"column":29},"end":{"line":147,"column":34}}],"line":147}},"s":{"0":1,"1":1,"2":1,"3":2,"4":1,"5":1,"6":0,"7":0,"8":0,"9":0,"10":0,"11":0,"12":0,"13":0,"14":0,"15":0,"16":0,"17":0,"18":0,"19":1},"f":{"0":2,"1":1,"2":0,"3":0,"4":0,"5":0,"6":0,"7":0,"8":0,"9":0,"10":0,"11":0,"12":0,"13":0,"14":0},"b":{"0":[0,0],"1":[0,0]},"_coverageSchema":"1a1c01bbd47fc00a2c39e90264f33305004495a9","hash":"a8a5bb2bdafb68829a8d493fd33f129307489efb"}
,"/home/cchromos/Документы/coding/sberUniversity/dogFood/src/api/authApi.ts": {"path":"/home/cchromos/Документы/coding/sberUniversity/dogFood/src/api/authApi.ts","statementMap":{"0":{"start":{"line":19,"column":23},"end":{"line":39,"column":2}},"1":{"start":{"line":22,"column":26},"end":{"line":38,"column":2}},"2":{"start":{"line":24,"column":21},"end":{"line":28,"column":4}},"3":{"start":{"line":32,"column":21},"end":{"line":36,"column":4}},"4":{"start":{"line":41,"column":56},"end":{"line":41,"column":63}}},"fnMap":{"0":{"name":"(anonymous_0)","decl":{"start":{"line":22,"column":12},"end":{"line":22,"column":13}},"loc":{"start":{"line":22,"column":26},"end":{"line":38,"column":2}},"line":22},"1":{"name":"(anonymous_1)","decl":{"start":{"line":24,"column":10},"end":{"line":24,"column":11}},"loc":{"start":{"line":24,"column":21},"end":{"line":28,"column":4}},"line":24},"2":{"name":"(anonymous_2)","decl":{"start":{"line":32,"column":10},"end":{"line":32,"column":11}},"loc":{"start":{"line":32,"column":21},"end":{"line":36,"column":4}},"line":32}},"branchMap":{},"s":{"0":1,"1":1,"2":0,"3":0,"4":1},"f":{"0":1,"1":0,"2":0},"b":{},"_coverageSchema":"1a1c01bbd47fc00a2c39e90264f33305004495a9","hash":"54e3262e0ac02d4df7f6acdae06d29f3b421b6c1"}
,"/home/cchromos/Документы/coding/sberUniversity/dogFood/src/api/index.ts": {"path":"/home/cchromos/Документы/coding/sberUniversity/dogFood/src/api/index.ts","statementMap":{},"fnMap":{},"branchMap":{},"s":{},"f":{},"b":{},"_coverageSchema":"1a1c01bbd47fc00a2c39e90264f33305004495a9","hash":"fa40909047e898553362c5da5efe0739d9c9ae8f"}
,"/home/cchromos/Документы/coding/sberUniversity/dogFood/src/api/productsApi.ts": {"path":"/home/cchromos/Документы/coding/sberUniversity/dogFood/src/api/productsApi.ts","statementMap":{"0":{"start":{"line":10,"column":22},"end":{"line":10,"column":24}},"1":{"start":{"line":12,"column":27},"end":{"line":114,"column":2}},"2":{"start":{"line":18,"column":17},"end":{"line":18,"column":69}},"3":{"start":{"line":20,"column":3},"end":{"line":22,"column":4}},"4":{"start":{"line":21,"column":4},"end":{"line":21,"column":52}},"5":{"start":{"line":24,"column":3},"end":{"line":24,"column":18}},"6":{"start":{"line":27,"column":26},"end":{"line":113,"column":2}},"7":{"start":{"line":29,"column":17},"end":{"line":31,"column":4}},"8":{"start":{"line":33,"column":4},"end":{"line":41,"column":49}},"9":{"start":{"line":35,"column":44},"end":{"line":38,"column":8}},"10":{"start":{"line":45,"column":37},"end":{"line":47,"column":4}},"11":{"start":{"line":49,"column":4},"end":{"line":57,"column":49}},"12":{"start":{"line":51,"column":44},"end":{"line":54,"column":8}},"13":{"start":{"line":59,"column":4},"end":{"line":59,"column":32}},"14":{"start":{"line":62,"column":24},"end":{"line":67,"column":5}},"15":{"start":{"line":64,"column":6},"end":{"line":66,"column":7}},"16":{"start":{"line":65,"column":27},"end":{"line":65,"column":58}},"17":{"start":{"line":69,"column":4},"end":{"line":78,"column":6}},"18":{"start":{"line":71,"column":40},"end":{"line":73,"column":7}},"19":{"start":{"line":72,"column":17},"end":{"line":72,"column":41}},"20":{"start":{"line":75,"column":6},"end":{"line":75,"column":50}},"21":{"start":{"line":81,"column":4},"end":{"line":81,"column":38}},"22":{"start":{"line":86,"column":36},"end":{"line":89,"column":4}},"23":{"start":{"line":90,"column":32},"end":{"line":93,"column":4}},"24":{"start":{"line":97,"column":26},"end":{"line":99,"column":4}},"25":{"start":{"line":100,"column":29},"end":{"line":100,"column":68}},"26":{"start":{"line":104,"column":26},"end":{"line":107,"column":4}},"27":{"start":{"line":108,"column":32},"end":{"line":111,"column":4}},"28":{"start":{"line":122,"column":4},"end":{"line":122,"column":15}}},"fnMap":{"0":{"name":"(anonymous_0)","decl":{"start":{"line":17,"column":18},"end":{"line":17,"column":19}},"loc":{"start":{"line":17,"column":31},"end":{"line":25,"column":3}},"line":17},"1":{"name":"(anonymous_1)","decl":{"start":{"line":27,"column":12},"end":{"line":27,"column":13}},"loc":{"start":{"line":27,"column":26},"end":{"line":113,"column":2}},"line":27},"2":{"name":"(anonymous_2)","decl":{"start":{"line":29,"column":10},"end":{"line":29,"column":11}},"loc":{"start":{"line":29,"column":17},"end":{"line":31,"column":4}},"line":29},"3":{"name":"(anonymous_3)","decl":{"start":{"line":32,"column":17},"end":{"line":32,"column":18}},"loc":{"start":{"line":33,"column":4},"end":{"line":41,"column":49}},"line":33},"4":{"name":"(anonymous_4)","decl":{"start":{"line":35,"column":30},"end":{"line":35,"column":31}},"loc":{"start":{"line":35,"column":44},"end":{"line":38,"column":8}},"line":35},"5":{"name":"(anonymous_5)","decl":{"start":{"line":45,"column":10},"end":{"line":45,"column":11}},"loc":{"start":{"line":45,"column":37},"end":{"line":47,"column":4}},"line":45},"6":{"name":"(anonymous_6)","decl":{"start":{"line":48,"column":17},"end":{"line":48,"column":18}},"loc":{"start":{"line":49,"column":4},"end":{"line":57,"column":49}},"line":49},"7":{"name":"(anonymous_7)","decl":{"start":{"line":51,"column":30},"end":{"line":51,"column":31}},"loc":{"start":{"line":51,"column":44},"end":{"line":54,"column":8}},"line":51},"8":{"name":"(anonymous_8)","decl":{"start":{"line":58,"column":23},"end":{"line":58,"column":24}},"loc":{"start":{"line":58,"column":67},"end":{"line":60,"column":4}},"line":58},"9":{"name":"(anonymous_9)","decl":{"start":{"line":61,"column":10},"end":{"line":61,"column":11}},"loc":{"start":{"line":61,"column":38},"end":{"line":79,"column":4}},"line":61},"10":{"name":"(anonymous_10)","decl":{"start":{"line":63,"column":5},"end":{"line":63,"column":6}},"loc":{"start":{"line":64,"column":6},"end":{"line":66,"column":7}},"line":64},"11":{"name":"(anonymous_11)","decl":{"start":{"line":65,"column":7},"end":{"line":65,"column":8}},"loc":{"start":{"line":65,"column":27},"end":{"line":65,"column":58}},"line":65},"12":{"name":"(anonymous_12)","decl":{"start":{"line":70,"column":34},"end":{"line":70,"column":35}},"loc":{"start":{"line":70,"column":47},"end":{"line":76,"column":6}},"line":70},"13":{"name":"(anonymous_13)","decl":{"start":{"line":72,"column":7},"end":{"line":72,"column":8}},"loc":{"start":{"line":72,"column":17},"end":{"line":72,"column":41}},"line":72},"14":{"name":"(anonymous_14)","decl":{"start":{"line":80,"column":3},"end":{"line":80,"column":4}},"loc":{"start":{"line":80,"column":45},"end":{"line":82,"column":4}},"line":80},"15":{"name":"(anonymous_15)","decl":{"start":{"line":86,"column":10},"end":{"line":86,"column":11}},"loc":{"start":{"line":86,"column":36},"end":{"line":89,"column":4}},"line":86},"16":{"name":"(anonymous_16)","decl":{"start":{"line":90,"column":20},"end":{"line":90,"column":21}},"loc":{"start":{"line":90,"column":32},"end":{"line":93,"column":4}},"line":90},"17":{"name":"(anonymous_17)","decl":{"start":{"line":97,"column":10},"end":{"line":97,"column":11}},"loc":{"start":{"line":97,"column":26},"end":{"line":99,"column":4}},"line":97},"18":{"name":"(anonymous_18)","decl":{"start":{"line":100,"column":17},"end":{"line":100,"column":18}},"loc":{"start":{"line":100,"column":29},"end":{"line":100,"column":68}},"line":100},"19":{"name":"(anonymous_19)","decl":{"start":{"line":104,"column":10},"end":{"line":104,"column":11}},"loc":{"start":{"line":104,"column":26},"end":{"line":107,"column":4}},"line":104},"20":{"name":"(anonymous_20)","decl":{"start":{"line":108,"column":20},"end":{"line":108,"column":21}},"loc":{"start":{"line":108,"column":32},"end":{"line":111,"column":4}},"line":108}},"branchMap":{"0":{"loc":{"start":{"line":20,"column":3},"end":{"line":22,"column":4}},"type":"if","locations":[{"start":{"line":20,"column":3},"end":{"line":22,"column":4}},{"start":{},"end":{}}],"line":20},"1":{"loc":{"start":{"line":33,"column":4},"end":{"line":41,"column":49}},"type":"cond-expr","locations":[{"start":{"line":34,"column":7},"end":{"line":40,"column":8}},{"start":{"line":41,"column":7},"end":{"line":41,"column":49}}],"line":33},"2":{"loc":{"start":{"line":45,"column":19},"end":{"line":45,"column":29}},"type":"default-arg","locations":[{"start":{"line":45,"column":27},"end":{"line":45,"column":29}}],"line":45},"3":{"loc":{"start":{"line":49,"column":4},"end":{"line":57,"column":49}},"type":"cond-expr","locations":[{"start":{"line":50,"column":7},"end":{"line":56,"column":8}},{"start":{"line":57,"column":7},"end":{"line":57,"column":49}}],"line":49},"4":{"loc":{"start":{"line":75,"column":13},"end":{"line":75,"column":49}},"type":"binary-expr","locations":[{"start":{"line":75,"column":13},"end":{"line":75,"column":38}},{"start":{"line":75,"column":42},"end":{"line":75,"column":49}}],"line":75},"5":{"loc":{"start":{"line":88,"column":12},"end":{"line":88,"column":35}},"type":"cond-expr","locations":[{"start":{"line":88,"column":19},"end":{"line":88,"column":27}},{"start":{"line":88,"column":30},"end":{"line":88,"column":35}}],"line":88}},"s":{"0":1,"1":1,"2":0,"3":0,"4":0,"5":0,"6":1,"7":0,"8":0,"9":0,"10":0,"11":0,"12":0,"13":4,"14":0,"15":0,"16":0,"17":0,"18":0,"19":0,"20":0,"21":0,"22":0,"23":0,"24":0,"25":0,"26":0,"27":0,"28":1},"f":{"0":0,"1":1,"2":0,"3":0,"4":0,"5":0,"6":0,"7":0,"8":4,"9":0,"10":0,"11":0,"12":0,"13":0,"14":0,"15":0,"16":0,"17":0,"18":0,"19":0,"20":0},"b":{"0":[0,0],"1":[0,0],"2":[0],"3":[0,0],"4":[0,0],"5":[0,0]},"_coverageSchema":"1a1c01bbd47fc00a2c39e90264f33305004495a9","hash":"12a82d7f6dc96f4f68f7c6fa3a79f4563c773935"}
,"/home/cchromos/Документы/coding/sberUniversity/dogFood/src/app/App.component.tsx": {"path":"/home/cchromos/Документы/coding/sberUniversity/dogFood/src/app/App.component.tsx","statementMap":{"0":{"start":{"line":8,"column":32},"end":{"line":18,"column":2}},"1":{"start":{"line":9,"column":1},"end":{"line":17,"column":3}},"2":{"start":{"line":20,"column":0},"end":{"line":20,"column":42}}},"fnMap":{"0":{"name":"(anonymous_0)","decl":{"start":{"line":8,"column":37},"end":{"line":8,"column":38}},"loc":{"start":{"line":8,"column":43},"end":{"line":18,"column":1}},"line":8}},"branchMap":{},"s":{"0":1,"1":3,"2":1},"f":{"0":3},"b":{},"_coverageSchema":"1a1c01bbd47fc00a2c39e90264f33305004495a9","hash":"3432025fcf8dd46714906076ae076b4ff1424eb9"}
,"/home/cchromos/Документы/coding/sberUniversity/dogFood/src/app/constants.tsx": {"path":"/home/cchromos/Документы/coding/sberUniversity/dogFood/src/app/constants.tsx","statementMap":{"0":{"start":{"line":14,"column":35},"end":{"line":14,"column":36}},"1":{"start":{"line":15,"column":35},"end":{"line":15,"column":37}},"2":{"start":{"line":17,"column":28},"end":{"line":57,"column":1}}},"fnMap":{},"branchMap":{},"s":{"0":1,"1":1,"2":1},"f":{},"b":{},"_coverageSchema":"1a1c01bbd47fc00a2c39e90264f33305004495a9","hash":"e307be360813db31fe81da7b242bc75cb7bc7b83"}
,"/home/cchromos/Документы/coding/sberUniversity/dogFood/src/app/testProviders.tsx": {"path":"/home/cchromos/Документы/coding/sberUniversity/dogFood/src/app/testProviders.tsx","statementMap":{"0":{"start":{"line":8,"column":29},"end":{"line":20,"column":1}},"1":{"start":{"line":9,"column":16},"end":{"line":11,"column":3}},"2":{"start":{"line":13,"column":1},"end":{"line":17,"column":3}},"3":{"start":{"line":19,"column":1},"end":{"line":19,"column":15}}},"fnMap":{"0":{"name":"(anonymous_0)","decl":{"start":{"line":8,"column":29},"end":{"line":8,"column":30}},"loc":{"start":{"line":8,"column":54},"end":{"line":20,"column":1}},"line":8}},"branchMap":{},"s":{"0":1,"1":1,"2":1,"3":1},"f":{"0":1},"b":{},"_coverageSchema":"1a1c01bbd47fc00a2c39e90264f33305004495a9","hash":"b9c868b819697636f1a455ce62573b647a9587e4"}
,"/home/cchromos/Документы/coding/sberUniversity/dogFood/src/app/HOCs/index.ts": {"path":"/home/cchromos/Документы/coding/sberUniversity/dogFood/src/app/HOCs/index.ts","statementMap":{},"fnMap":{},"branchMap":{},"s":{},"f":{},"b":{},"_coverageSchema":"1a1c01bbd47fc00a2c39e90264f33305004495a9","hash":"cf542679214446abd2520bc450e6093d18651cba"}
,"/home/cchromos/Документы/coding/sberUniversity/dogFood/src/app/HOCs/withAccessProtection.tsx": {"path":"/home/cchromos/Документы/coding/sberUniversity/dogFood/src/app/HOCs/withAccessProtection.tsx","statementMap":{"0":{"start":{"line":6,"column":30},"end":{"line":6,"column":52}},"1":{"start":{"line":12,"column":36},"end":{"line":31,"column":1}},"2":{"start":{"line":15,"column":34},"end":{"line":28,"column":2}},"3":{"start":{"line":16,"column":23},"end":{"line":16,"column":44}},"4":{"start":{"line":18,"column":19},"end":{"line":18,"column":32}},"5":{"start":{"line":19,"column":23},"end":{"line":19,"column":36}},"6":{"start":{"line":21,"column":2},"end":{"line":25,"column":41}},"7":{"start":{"line":22,"column":3},"end":{"line":24,"column":4}},"8":{"start":{"line":23,"column":4},"end":{"line":23,"column":62}},"9":{"start":{"line":27,"column":2},"end":{"line":27,"column":41}},"10":{"start":{"line":30,"column":1},"end":{"line":30,"column":26}}},"fnMap":{"0":{"name":"(anonymous_0)","decl":{"start":{"line":12,"column":36},"end":{"line":12,"column":37}},"loc":{"start":{"line":14,"column":5},"end":{"line":31,"column":1}},"line":14},"1":{"name":"(anonymous_1)","decl":{"start":{"line":15,"column":34},"end":{"line":15,"column":35}},"loc":{"start":{"line":15,"column":45},"end":{"line":28,"column":2}},"line":15},"2":{"name":"(anonymous_2)","decl":{"start":{"line":21,"column":12},"end":{"line":21,"column":13}},"loc":{"start":{"line":21,"column":18},"end":{"line":25,"column":3}},"line":21}},"branchMap":{"0":{"loc":{"start":{"line":22,"column":3},"end":{"line":24,"column":4}},"type":"if","locations":[{"start":{"line":22,"column":3},"end":{"line":24,"column":4}},{"start":{},"end":{}}],"line":22},"1":{"loc":{"start":{"line":22,"column":7},"end":{"line":22,"column":65}},"type":"binary-expr","locations":[{"start":{"line":22,"column":7},"end":{"line":22,"column":20}},{"start":{"line":22,"column":24},"end":{"line":22,"column":65}}],"line":22}},"s":{"0":1,"1":1,"2":6,"3":2,"4":2,"5":2,"6":2,"7":0,"8":0,"9":2,"10":6},"f":{"0":6,"1":2,"2":0},"b":{"0":[0,0],"1":[0,0]},"_coverageSchema":"1a1c01bbd47fc00a2c39e90264f33305004495a9","hash":"9e9b8c7b9b9ade3736e455d61677c4f203df5111"}
,"/home/cchromos/Документы/coding/sberUniversity/dogFood/src/app/HOCs/withLink.tsx": {"path":"/home/cchromos/Документы/coding/sberUniversity/dogFood/src/app/HOCs/withLink.tsx","statementMap":{"0":{"start":{"line":8,"column":24},"end":{"line":25,"column":1}},"1":{"start":{"line":11,"column":50},"end":{"line":22,"column":2}},"2":{"start":{"line":12,"column":19},"end":{"line":12,"column":32}},"3":{"start":{"line":13,"column":34},"end":{"line":13,"column":39}},"4":{"start":{"line":15,"column":2},"end":{"line":21,"column":4}},"5":{"start":{"line":24,"column":1},"end":{"line":24,"column":26}}},"fnMap":{"0":{"name":"(anonymous_0)","decl":{"start":{"line":8,"column":24},"end":{"line":8,"column":25}},"loc":{"start":{"line":10,"column":5},"end":{"line":25,"column":1}},"line":10},"1":{"name":"(anonymous_1)","decl":{"start":{"line":11,"column":50},"end":{"line":11,"column":51}},"loc":{"start":{"line":11,"column":61},"end":{"line":22,"column":2}},"line":11}},"branchMap":{"0":{"loc":{"start":{"line":15,"column":9},"end":{"line":21,"column":3}},"type":"cond-expr","locations":[{"start":{"line":16,"column":3},"end":{"line":18,"column":10}},{"start":{"line":20,"column":3},"end":{"line":20,"column":45}}],"line":15}},"s":{"0":1,"1":2,"2":0,"3":0,"4":0,"5":2},"f":{"0":2,"1":0},"b":{"0":[0,0]},"_coverageSchema":"1a1c01bbd47fc00a2c39e90264f33305004495a9","hash":"95e45d3d39375b6f309ec5dee47ce26d9cdbefd0"}
,"/home/cchromos/Документы/coding/sberUniversity/dogFood/src/app/HOCs/withQuery.tsx": {"path":"/home/cchromos/Документы/coding/sberUniversity/dogFood/src/app/HOCs/withQuery.tsx","statementMap":{"0":{"start":{"line":16,"column":25},"end":{"line":51,"column":1}},"1":{"start":{"line":19,"column":51},"end":{"line":48,"column":2}},"2":{"start":{"line":28,"column":6},"end":{"line":28,"column":11}},"3":{"start":{"line":30,"column":2},"end":{"line":32,"column":3}},"4":{"start":{"line":31,"column":3},"end":{"line":31,"column":26}},"5":{"start":{"line":34,"column":2},"end":{"line":36,"column":3}},"6":{"start":{"line":35,"column":3},"end":{"line":35,"column":70}},"7":{"start":{"line":38,"column":2},"end":{"line":47,"column":4}},"8":{"start":{"line":50,"column":1},"end":{"line":50,"column":26}}},"fnMap":{"0":{"name":"(anonymous_0)","decl":{"start":{"line":16,"column":25},"end":{"line":16,"column":26}},"loc":{"start":{"line":18,"column":5},"end":{"line":51,"column":1}},"line":18},"1":{"name":"(anonymous_1)","decl":{"start":{"line":19,"column":51},"end":{"line":19,"column":52}},"loc":{"start":{"line":19,"column":62},"end":{"line":48,"column":2}},"line":19}},"branchMap":{"0":{"loc":{"start":{"line":30,"column":2},"end":{"line":32,"column":3}},"type":"if","locations":[{"start":{"line":30,"column":2},"end":{"line":32,"column":3}},{"start":{},"end":{}}],"line":30},"1":{"loc":{"start":{"line":34,"column":2},"end":{"line":36,"column":3}},"type":"if","locations":[{"start":{"line":34,"column":2},"end":{"line":36,"column":3}},{"start":{},"end":{}}],"line":34}},"s":{"0":1,"1":4,"2":2,"3":2,"4":2,"5":0,"6":0,"7":0,"8":4},"f":{"0":4,"1":2},"b":{"0":[2,0],"1":[0,0]},"_coverageSchema":"1a1c01bbd47fc00a2c39e90264f33305004495a9","hash":"bf7994b8c715d64ddeb0cbfee40d7e1ab0c2519b"}
,"/home/cchromos/Документы/coding/sberUniversity/dogFood/src/app/components/index.ts": {"path":"/home/cchromos/Документы/coding/sberUniversity/dogFood/src/app/components/index.ts","statementMap":{},"fnMap":{},"branchMap":{},"s":{},"f":{},"b":{},"_coverageSchema":"1a1c01bbd47fc00a2c39e90264f33305004495a9","hash":"a0a17d4e26ed98db8c0992d66596239296ae71ec"}
,"/home/cchromos/Документы/coding/sberUniversity/dogFood/src/app/components/atoms/index.ts": {"path":"/home/cchromos/Документы/coding/sberUniversity/dogFood/src/app/components/atoms/index.ts","statementMap":{},"fnMap":{},"branchMap":{},"s":{},"f":{},"b":{},"_coverageSchema":"1a1c01bbd47fc00a2c39e90264f33305004495a9","hash":"86a73afd9fc94f00f204cd8a47549eb4e363e13a"}
,"/home/cchromos/Документы/coding/sberUniversity/dogFood/src/app/components/atoms/BasketSummary/BasketSummary.component.tsx": {"path":"/home/cchromos/Документы/coding/sberUniversity/dogFood/src/app/components/atoms/BasketSummary/BasketSummary.component.tsx","statementMap":{"0":{"start":{"line":8,"column":53},"end":{"line":12,"column":1}},"1":{"start":{"line":10,"column":2},"end":{"line":10,"column":101}},"2":{"start":{"line":14,"column":0},"end":{"line":14,"column":44}}},"fnMap":{"0":{"name":"(anonymous_0)","decl":{"start":{"line":9,"column":1},"end":{"line":9,"column":2}},"loc":{"start":{"line":10,"column":2},"end":{"line":10,"column":101}},"line":10}},"branchMap":{},"s":{"0":1,"1":0,"2":1},"f":{"0":0},"b":{},"_coverageSchema":"1a1c01bbd47fc00a2c39e90264f33305004495a9","hash":"9c07a9d383ca557911b278ef97e3c0be75b54057"}
,"/home/cchromos/Документы/coding/sberUniversity/dogFood/src/app/components/atoms/BasketSummary/index.ts": {"path":"/home/cchromos/Документы/coding/sberUniversity/dogFood/src/app/components/atoms/BasketSummary/index.ts","statementMap":{},"fnMap":{},"branchMap":{},"s":{},"f":{},"b":{},"_coverageSchema":"1a1c01bbd47fc00a2c39e90264f33305004495a9","hash":"49a6421088cf35f0cad52aaa49e79d466e23dc3e"}
,"/home/cchromos/Документы/coding/sberUniversity/dogFood/src/app/components/atoms/Contacts/Contacts.component.tsx": {"path":"/home/cchromos/Документы/coding/sberUniversity/dogFood/src/app/components/atoms/Contacts/Contacts.component.tsx","statementMap":{"0":{"start":{"line":13,"column":28},"end":{"line":32,"column":2}},"1":{"start":{"line":14,"column":1},"end":{"line":31,"column":28}},"2":{"start":{"line":34,"column":0},"end":{"line":34,"column":34}}},"fnMap":{"0":{"name":"(anonymous_0)","decl":{"start":{"line":13,"column":33},"end":{"line":13,"column":34}},"loc":{"start":{"line":14,"column":1},"end":{"line":31,"column":28}},"line":14}},"branchMap":{},"s":{"0":1,"1":2,"2":1},"f":{"0":2},"b":{},"_coverageSchema":"1a1c01bbd47fc00a2c39e90264f33305004495a9","hash":"337ad09531685488ca5ca86a4250853a4ea65144"}
,"/home/cchromos/Документы/coding/sberUniversity/dogFood/src/app/components/atoms/Contacts/Contacts.styles.ts": {"path":"/home/cchromos/Документы/coding/sberUniversity/dogFood/src/app/components/atoms/Contacts/Contacts.styles.ts","statementMap":{"0":{"start":{"line":4,"column":26},"end":{"line":9,"column":1}},"1":{"start":{"line":11,"column":21},"end":{"line":15,"column":1}},"2":{"start":{"line":17,"column":23},"end":{"line":20,"column":1}},"3":{"start":{"line":22,"column":22},"end":{"line":26,"column":1}}},"fnMap":{},"branchMap":{},"s":{"0":1,"1":1,"2":1,"3":1},"f":{},"b":{},"_coverageSchema":"1a1c01bbd47fc00a2c39e90264f33305004495a9","hash":"1418b52c720f2e51d8119a1839ea23e168143ae0"}
,"/home/cchromos/Документы/coding/sberUniversity/dogFood/src/app/components/atoms/Contacts/index.ts": {"path":"/home/cchromos/Документы/coding/sberUniversity/dogFood/src/app/components/atoms/Contacts/index.ts","statementMap":{},"fnMap":{},"branchMap":{},"s":{},"f":{},"b":{},"_coverageSchema":"1a1c01bbd47fc00a2c39e90264f33305004495a9","hash":"bb9dd94c0155ccebb765f36d4dffb21a55b15acf"}
,"/home/cchromos/Документы/coding/sberUniversity/dogFood/src/app/components/atoms/CreateProductCard/CreateProductCard.component.tsx": {"path":"/home/cchromos/Документы/coding/sberUniversity/dogFood/src/app/components/atoms/CreateProductCard/CreateProductCard.component.tsx","statementMap":{"0":{"start":{"line":11,"column":37},"end":{"line":187,"column":2}},"1":{"start":{"line":12,"column":39},"end":{"line":12,"column":51}},"2":{"start":{"line":13,"column":41},"end":{"line":13,"column":52}},"3":{"start":{"line":14,"column":47},"end":{"line":14,"column":58}},"4":{"start":{"line":15,"column":45},"end":{"line":15,"column":57}},"5":{"start":{"line":16,"column":41},"end":{"line":16,"column":52}},"6":{"start":{"line":17,"column":53},"end":{"line":17,"column":65}},"7":{"start":{"line":19,"column":34},"end":{"line":23,"column":2}},"8":{"start":{"line":21,"column":3},"end":{"line":21,"column":37}},"9":{"start":{"line":25,"column":35},"end":{"line":29,"column":2}},"10":{"start":{"line":27,"column":3},"end":{"line":27,"column":46}},"11":{"start":{"line":31,"column":38},"end":{"line":35,"column":2}},"12":{"start":{"line":33,"column":3},"end":{"line":33,"column":49}},"13":{"start":{"line":37,"column":37},"end":{"line":41,"column":2}},"14":{"start":{"line":39,"column":3},"end":{"line":39,"column":40}},"15":{"start":{"line":43,"column":35},"end":{"line":47,"column":2}},"16":{"start":{"line":45,"column":3},"end":{"line":45,"column":46}},"17":{"start":{"line":49,"column":41},"end":{"line":53,"column":2}},"18":{"start":{"line":51,"column":3},"end":{"line":51,"column":44}},"19":{"start":{"line":55,"column":34},"end":{"line":62,"column":7}},"20":{"start":{"line":56,"column":2},"end":{"line":56,"column":21}},"21":{"start":{"line":57,"column":2},"end":{"line":57,"column":21}},"22":{"start":{"line":58,"column":2},"end":{"line":58,"column":24}},"23":{"start":{"line":59,"column":2},"end":{"line":59,"column":24}},"24":{"start":{"line":60,"column":2},"end":{"line":60,"column":21}},"25":{"start":{"line":61,"column":2},"end":{"line":61,"column":28}},"26":{"start":{"line":64,"column":18},"end":{"line":64,"column":34}},"27":{"start":{"line":66,"column":34},"end":{"line":99,"column":3}},"28":{"start":{"line":67,"column":2},"end":{"line":90,"column":3}},"29":{"start":{"line":74,"column":3},"end":{"line":83,"column":5}},"30":{"start":{"line":84,"column":3},"end":{"line":84,"column":22}},"31":{"start":{"line":85,"column":3},"end":{"line":85,"column":22}},"32":{"start":{"line":86,"column":3},"end":{"line":86,"column":25}},"33":{"start":{"line":87,"column":3},"end":{"line":87,"column":25}},"34":{"start":{"line":88,"column":3},"end":{"line":88,"column":22}},"35":{"start":{"line":89,"column":3},"end":{"line":89,"column":29}},"36":{"start":{"line":101,"column":1},"end":{"line":186,"column":3}},"37":{"start":{"line":189,"column":0},"end":{"line":189,"column":52}}},"fnMap":{"0":{"name":"(anonymous_0)","decl":{"start":{"line":11,"column":42},"end":{"line":11,"column":43}},"loc":{"start":{"line":11,"column":48},"end":{"line":187,"column":1}},"line":11},"1":{"name":"(anonymous_1)","decl":{"start":{"line":20,"column":2},"end":{"line":20,"column":3}},"loc":{"start":{"line":21,"column":3},"end":{"line":21,"column":37}},"line":21},"2":{"name":"(anonymous_2)","decl":{"start":{"line":26,"column":2},"end":{"line":26,"column":3}},"loc":{"start":{"line":27,"column":3},"end":{"line":27,"column":46}},"line":27},"3":{"name":"(anonymous_3)","decl":{"start":{"line":32,"column":2},"end":{"line":32,"column":3}},"loc":{"start":{"line":33,"column":3},"end":{"line":33,"column":49}},"line":33},"4":{"name":"(anonymous_4)","decl":{"start":{"line":38,"column":2},"end":{"line":38,"column":3}},"loc":{"start":{"line":39,"column":3},"end":{"line":39,"column":40}},"line":39},"5":{"name":"(anonymous_5)","decl":{"start":{"line":44,"column":2},"end":{"line":44,"column":3}},"loc":{"start":{"line":45,"column":3},"end":{"line":45,"column":46}},"line":45},"6":{"name":"(anonymous_6)","decl":{"start":{"line":50,"column":2},"end":{"line":50,"column":3}},"loc":{"start":{"line":51,"column":3},"end":{"line":51,"column":44}},"line":51},"7":{"name":"(anonymous_7)","decl":{"start":{"line":55,"column":46},"end":{"line":55,"column":47}},"loc":{"start":{"line":55,"column":52},"end":{"line":62,"column":2}},"line":55},"8":{"name":"(anonymous_8)","decl":{"start":{"line":66,"column":46},"end":{"line":66,"column":47}},"loc":{"start":{"line":66,"column":52},"end":{"line":91,"column":2}},"line":66}},"branchMap":{"0":{"loc":{"start":{"line":67,"column":2},"end":{"line":90,"column":3}},"type":"if","locations":[{"start":{"line":67,"column":2},"end":{"line":90,"column":3}},{"start":{},"end":{}}],"line":67},"1":{"loc":{"start":{"line":68,"column":3},"end":{"line":72,"column":21}},"type":"binary-expr","locations":[{"start":{"line":68,"column":3},"end":{"line":68,"column":14}},{"start":{"line":69,"column":3},"end":{"line":69,"column":15}},{"start":{"line":70,"column":3},"end":{"line":70,"column":17}},{"start":{"line":71,"column":3},"end":{"line":71,"column":15}},{"start":{"line":72,"column":3},"end":{"line":72,"column":21}}],"line":68}},"s":{"0":1,"1":0,"2":0,"3":0,"4":0,"5":0,"6":0,"7":0,"8":0,"9":0,"10":0,"11":0,"12":0,"13":0,"14":0,"15":0,"16":0,"17":0,"18":0,"19":0,"20":0,"21":0,"22":0,"23":0,"24":0,"25":0,"26":0,"27":0,"28":0,"29":0,"30":0,"31":0,"32":0,"33":0,"34":0,"35":0,"36":0,"37":1},"f":{"0":0,"1":0,"2":0,"3":0,"4":0,"5":0,"6":0,"7":0,"8":0},"b":{"0":[0,0],"1":[0,0,0,0,0]},"_coverageSchema":"1a1c01bbd47fc00a2c39e90264f33305004495a9","hash":"63a0acf1977fb32760365b14baf824288a15e119"}
,"/home/cchromos/Документы/coding/sberUniversity/dogFood/src/app/components/atoms/CreateProductCard/index.ts": {"path":"/home/cchromos/Документы/coding/sberUniversity/dogFood/src/app/components/atoms/CreateProductCard/index.ts","statementMap":{},"fnMap":{},"branchMap":{},"s":{},"f":{},"b":{},"_coverageSchema":"1a1c01bbd47fc00a2c39e90264f33305004495a9","hash":"43319d4303ed87bde1c512580ce6c80a6d86b6b9"}
,"/home/cchromos/Документы/coding/sberUniversity/dogFood/src/app/components/atoms/CreateProductCard/textMap.ts": {"path":"/home/cchromos/Документы/coding/sberUniversity/dogFood/src/app/components/atoms/CreateProductCard/textMap.ts","statementMap":{"0":{"start":{"line":1,"column":24},"end":{"line":10,"column":1}}},"fnMap":{},"branchMap":{},"s":{"0":1},"f":{},"b":{},"_coverageSchema":"1a1c01bbd47fc00a2c39e90264f33305004495a9","hash":"ed8edf7c46effcaa892937351a94d79eaa043ec9"}
,"/home/cchromos/Документы/coding/sberUniversity/dogFood/src/app/components/atoms/EmailController/EmailController.component.tsx": {"path":"/home/cchromos/Документы/coding/sberUniversity/dogFood/src/app/components/atoms/EmailController/EmailController.component.tsx","statementMap":{"0":{"start":{"line":11,"column":57},"end":{"line":30,"column":1}},"1":{"start":{"line":13,"column":2},"end":{"line":28,"column":4}},"2":{"start":{"line":17,"column":4},"end":{"line":26,"column":6}},"3":{"start":{"line":32,"column":0},"end":{"line":32,"column":48}}},"fnMap":{"0":{"name":"(anonymous_0)","decl":{"start":{"line":12,"column":1},"end":{"line":12,"column":2}},"loc":{"start":{"line":13,"column":2},"end":{"line":28,"column":4}},"line":13},"1":{"name":"(anonymous_1)","decl":{"start":{"line":16,"column":11},"end":{"line":16,"column":12}},"loc":{"start":{"line":17,"column":4},"end":{"line":26,"column":6}},"line":17}},"branchMap":{},"s":{"0":1,"1":0,"2":0,"3":1},"f":{"0":0,"1":0},"b":{},"_coverageSchema":"1a1c01bbd47fc00a2c39e90264f33305004495a9","hash":"961109892852dbaddb50b2b691104cb16c8fbaf5"}
,"/home/cchromos/Документы/coding/sberUniversity/dogFood/src/app/components/atoms/EmailController/index.ts": {"path":"/home/cchromos/Документы/coding/sberUniversity/dogFood/src/app/components/atoms/EmailController/index.ts","statementMap":{},"fnMap":{},"branchMap":{},"s":{},"f":{},"b":{},"_coverageSchema":"1a1c01bbd47fc00a2c39e90264f33305004495a9","hash":"06c59f6d237d8b3214e2b9008bccd49fd3e25267"}
,"/home/cchromos/Документы/coding/sberUniversity/dogFood/src/app/components/atoms/Error/Error.component.tsx": {"path":"/home/cchromos/Документы/coding/sberUniversity/dogFood/src/app/components/atoms/Error/Error.component.tsx","statementMap":{"0":{"start":{"line":10,"column":54},"end":{"line":26,"column":1}},"1":{"start":{"line":12,"column":2},"end":{"line":24,"column":4}},"2":{"start":{"line":28,"column":0},"end":{"line":28,"column":46}}},"fnMap":{"0":{"name":"(anonymous_0)","decl":{"start":{"line":11,"column":1},"end":{"line":11,"column":2}},"loc":{"start":{"line":11,"column":32},"end":{"line":25,"column":2}},"line":11}},"branchMap":{"0":{"loc":{"start":{"line":18,"column":5},"end":{"line":22,"column":5}},"type":"binary-expr","locations":[{"start":{"line":18,"column":5},"end":{"line":18,"column":12}},{"start":{"line":19,"column":5},"end":{"line":21,"column":14}}],"line":18}},"s":{"0":1,"1":2,"2":1},"f":{"0":2},"b":{"0":[2,0]},"_coverageSchema":"1a1c01bbd47fc00a2c39e90264f33305004495a9","hash":"0fdee198f0333b467d312c854ae4c7d7cf114b1c"}
,"/home/cchromos/Документы/coding/sberUniversity/dogFood/src/app/components/atoms/Error/index.ts": {"path":"/home/cchromos/Документы/coding/sberUniversity/dogFood/src/app/components/atoms/Error/index.ts","statementMap":{},"fnMap":{},"branchMap":{},"s":{},"f":{},"b":{},"_coverageSchema":"1a1c01bbd47fc00a2c39e90264f33305004495a9","hash":"7328a2d63f1a8f7bb86a2f1647a436b69f7adc3e"}
,"/home/cchromos/Документы/coding/sberUniversity/dogFood/src/app/components/atoms/Error/textMap.ts": {"path":"/home/cchromos/Документы/coding/sberUniversity/dogFood/src/app/components/atoms/Error/textMap.ts","statementMap":{"0":{"start":{"line":1,"column":24},"end":{"line":4,"column":1}}},"fnMap":{},"branchMap":{},"s":{"0":1},"f":{},"b":{},"_coverageSchema":"1a1c01bbd47fc00a2c39e90264f33305004495a9","hash":"6b4458db42c97fd4e39379fc2997f18378bf407d"}
,"/home/cchromos/Документы/coding/sberUniversity/dogFood/src/app/components/atoms/Feedback/Feedback.component.tsx": {"path":"/home/cchromos/Документы/coding/sberUniversity/dogFood/src/app/components/atoms/Feedback/Feedback.component.tsx","statementMap":{"0":{"start":{"line":12,"column":43},"end":{"line":42,"column":1}},"1":{"start":{"line":14,"column":28},"end":{"line":17,"column":3}},"2":{"start":{"line":15,"column":9},"end":{"line":15,"column":28}},"3":{"start":{"line":18,"column":18},"end":{"line":18,"column":35}},"4":{"start":{"line":20,"column":2},"end":{"line":40,"column":4}},"5":{"start":{"line":44,"column":0},"end":{"line":44,"column":34}}},"fnMap":{"0":{"name":"(anonymous_0)","decl":{"start":{"line":13,"column":1},"end":{"line":13,"column":2}},"loc":{"start":{"line":13,"column":50},"end":{"line":41,"column":2}},"line":13},"1":{"name":"(anonymous_1)","decl":{"start":{"line":15,"column":3},"end":{"line":15,"column":4}},"loc":{"start":{"line":15,"column":9},"end":{"line":15,"column":28}},"line":15}},"branchMap":{"0":{"loc":{"start":{"line":24,"column":5},"end":{"line":24,"column":72}},"type":"cond-expr","locations":[{"start":{"line":24,"column":15},"end":{"line":24,"column":44}},{"start":{"line":24,"column":47},"end":{"line":24,"column":72}}],"line":24},"1":{"loc":{"start":{"line":27,"column":5},"end":{"line":38,"column":5}},"type":"cond-expr","locations":[{"start":{"line":28,"column":5},"end":{"line":30,"column":13}},{"start":{"line":32,"column":5},"end":{"line":37,"column":13}}],"line":27}},"s":{"0":1,"1":0,"2":0,"3":0,"4":0,"5":1},"f":{"0":0,"1":0},"b":{"0":[0,0],"1":[0,0]},"_coverageSchema":"1a1c01bbd47fc00a2c39e90264f33305004495a9","hash":"9dc7213546e1a9f435366c58302abb8a33575aba"}
,"/home/cchromos/Документы/coding/sberUniversity/dogFood/src/app/components/atoms/Feedback/constants.ts": {"path":"/home/cchromos/Документы/coding/sberUniversity/dogFood/src/app/components/atoms/Feedback/constants.ts","statementMap":{"0":{"start":{"line":1,"column":41},"end":{"line":1,"column":45}}},"fnMap":{},"branchMap":{},"s":{"0":1},"f":{},"b":{},"_coverageSchema":"1a1c01bbd47fc00a2c39e90264f33305004495a9","hash":"57447ef2f88ebf5ad8e99e8b7a82cd4ed20ce39c"}
,"/home/cchromos/Документы/coding/sberUniversity/dogFood/src/app/components/atoms/Feedback/index.ts": {"path":"/home/cchromos/Документы/coding/sberUniversity/dogFood/src/app/components/atoms/Feedback/index.ts","statementMap":{},"fnMap":{},"branchMap":{},"s":{},"f":{},"b":{},"_coverageSchema":"1a1c01bbd47fc00a2c39e90264f33305004495a9","hash":"99e22f416662ed878debfb19518ddc46f44733ed"}
,"/home/cchromos/Документы/coding/sberUniversity/dogFood/src/app/components/atoms/HeaderIconButtons/HeaderIconButtons.component.tsx": {"path":"/home/cchromos/Документы/coding/sberUniversity/dogFood/src/app/components/atoms/HeaderIconButtons/HeaderIconButtons.component.tsx","statementMap":{"0":{"start":{"line":25,"column":61},"end":{"line":90,"column":1}},"1":{"start":{"line":34,"column":39},"end":{"line":34,"column":63}},"2":{"start":{"line":35,"column":39},"end":{"line":35,"column":63}},"3":{"start":{"line":37,"column":2},"end":{"line":88,"column":4}},"4":{"start":{"line":92,"column":0},"end":{"line":92,"column":52}}},"fnMap":{"0":{"name":"(anonymous_0)","decl":{"start":{"line":26,"column":1},"end":{"line":26,"column":2}},"loc":{"start":{"line":33,"column":7},"end":{"line":89,"column":2}},"line":33}},"branchMap":{},"s":{"0":1,"1":0,"2":0,"3":0,"4":1},"f":{"0":0},"b":{},"_coverageSchema":"1a1c01bbd47fc00a2c39e90264f33305004495a9","hash":"5d191d224cc6e7374d93ef330a0e0e3d5b2cab20"}
,"/home/cchromos/Документы/coding/sberUniversity/dogFood/src/app/components/atoms/HeaderIconButtons/constants.ts": {"path":"/home/cchromos/Документы/coding/sberUniversity/dogFood/src/app/components/atoms/HeaderIconButtons/constants.ts","statementMap":{"0":{"start":{"line":1,"column":23},"end":{"line":1,"column":52}}},"fnMap":{},"branchMap":{},"s":{"0":1},"f":{},"b":{},"_coverageSchema":"1a1c01bbd47fc00a2c39e90264f33305004495a9","hash":"5de8ff7a5f993384c9aa65ba7b74da4783ac9b98"}
,"/home/cchromos/Документы/coding/sberUniversity/dogFood/src/app/components/atoms/HeaderIconButtons/index.ts": {"path":"/home/cchromos/Документы/coding/sberUniversity/dogFood/src/app/components/atoms/HeaderIconButtons/index.ts","statementMap":{},"fnMap":{},"branchMap":{},"s":{},"f":{},"b":{},"_coverageSchema":"1a1c01bbd47fc00a2c39e90264f33305004495a9","hash":"be5d24600ec1ed7a9367d2173c87cee2db1fa9fd"}
,"/home/cchromos/Документы/coding/sberUniversity/dogFood/src/app/components/atoms/Logo/Logo.component.tsx": {"path":"/home/cchromos/Документы/coding/sberUniversity/dogFood/src/app/components/atoms/Logo/Logo.component.tsx","statementMap":{"0":{"start":{"line":7,"column":24},"end":{"line":13,"column":2}},"1":{"start":{"line":8,"column":18},"end":{"line":8,"column":31}},"2":{"start":{"line":10,"column":26},"end":{"line":10,"column":70}},"3":{"start":{"line":10,"column":44},"end":{"line":10,"column":57}},"4":{"start":{"line":12,"column":1},"end":{"line":12,"column":47}},"5":{"start":{"line":15,"column":0},"end":{"line":15,"column":26}}},"fnMap":{"0":{"name":"(anonymous_0)","decl":{"start":{"line":7,"column":29},"end":{"line":7,"column":30}},"loc":{"start":{"line":7,"column":35},"end":{"line":13,"column":1}},"line":7},"1":{"name":"(anonymous_1)","decl":{"start":{"line":10,"column":38},"end":{"line":10,"column":39}},"loc":{"start":{"line":10,"column":44},"end":{"line":10,"column":57}},"line":10}},"branchMap":{},"s":{"0":1,"1":9,"2":8,"3":0,"4":8,"5":1},"f":{"0":9,"1":0},"b":{},"_coverageSchema":"1a1c01bbd47fc00a2c39e90264f33305004495a9","hash":"e3e5a0fc9d14a2de3c478d5247226fa2c4c287fe"}
,"/home/cchromos/Документы/coding/sberUniversity/dogFood/src/app/components/atoms/Logo/index.ts": {"path":"/home/cchromos/Документы/coding/sberUniversity/dogFood/src/app/components/atoms/Logo/index.ts","statementMap":{},"fnMap":{},"branchMap":{},"s":{},"f":{},"b":{},"_coverageSchema":"1a1c01bbd47fc00a2c39e90264f33305004495a9","hash":"8b702fbf3b35092ed5cb20bb53214e97c29a5ac7"}
,"/home/cchromos/Документы/coding/sberUniversity/dogFood/src/app/components/atoms/MenuItemsList/MenuItemsList.component.tsx": {"path":"/home/cchromos/Документы/coding/sberUniversity/dogFood/src/app/components/atoms/MenuItemsList/MenuItemsList.component.tsx","statementMap":{"0":{"start":{"line":8,"column":53},"end":{"line":16,"column":2}},"1":{"start":{"line":9,"column":1},"end":{"line":15,"column":8}},"2":{"start":{"line":11,"column":3},"end":{"line":13,"column":14}},"3":{"start":{"line":18,"column":0},"end":{"line":18,"column":44}}},"fnMap":{"0":{"name":"(anonymous_0)","decl":{"start":{"line":8,"column":58},"end":{"line":8,"column":59}},"loc":{"start":{"line":9,"column":1},"end":{"line":15,"column":8}},"line":9},"1":{"name":"(anonymous_1)","decl":{"start":{"line":10,"column":15},"end":{"line":10,"column":16}},"loc":{"start":{"line":11,"column":3},"end":{"line":13,"column":14}},"line":11}},"branchMap":{},"s":{"0":1,"1":4,"2":16,"3":1},"f":{"0":4,"1":16},"b":{},"_coverageSchema":"1a1c01bbd47fc00a2c39e90264f33305004495a9","hash":"f07690a25aab96935c68d9eb2f471ce85e7fe84f"}
,"/home/cchromos/Документы/coding/sberUniversity/dogFood/src/app/components/atoms/MenuItemsList/index.ts": {"path":"/home/cchromos/Документы/coding/sberUniversity/dogFood/src/app/components/atoms/MenuItemsList/index.ts","statementMap":{},"fnMap":{},"branchMap":{},"s":{},"f":{},"b":{},"_coverageSchema":"1a1c01bbd47fc00a2c39e90264f33305004495a9","hash":"68cd664fc8ebed56409c511ebc1a83c1a19656dd"}
,"/home/cchromos/Документы/coding/sberUniversity/dogFood/src/app/components/atoms/MiniCardSpinner/MiniCardSpinner.component.tsx": {"path":"/home/cchromos/Документы/coding/sberUniversity/dogFood/src/app/components/atoms/MiniCardSpinner/MiniCardSpinner.component.tsx","statementMap":{"0":{"start":{"line":5,"column":35},"end":{"line":16,"column":2}},"1":{"start":{"line":6,"column":1},"end":{"line":15,"column":8}},"2":{"start":{"line":18,"column":0},"end":{"line":18,"column":48}}},"fnMap":{"0":{"name":"(anonymous_0)","decl":{"start":{"line":5,"column":40},"end":{"line":5,"column":41}},"loc":{"start":{"line":6,"column":1},"end":{"line":15,"column":8}},"line":6}},"branchMap":{},"s":{"0":1,"1":8,"2":1},"f":{"0":8},"b":{},"_coverageSchema":"1a1c01bbd47fc00a2c39e90264f33305004495a9","hash":"6098be385507a3c29e462e06c1240c5c4f7e70a4"}
,"/home/cchromos/Документы/coding/sberUniversity/dogFood/src/app/components/atoms/MiniCardSpinner/index.ts": {"path":"/home/cchromos/Документы/coding/sberUniversity/dogFood/src/app/components/atoms/MiniCardSpinner/index.ts","statementMap":{},"fnMap":{},"branchMap":{},"s":{},"f":{},"b":{},"_coverageSchema":"1a1c01bbd47fc00a2c39e90264f33305004495a9","hash":"24be7d2ae5cdb7586526c49282af48d99c416412"}
,"/home/cchromos/Документы/coding/sberUniversity/dogFood/src/app/components/atoms/MobileMenu/MobileMenu.component.tsx": {"path":"/home/cchromos/Документы/coding/sberUniversity/dogFood/src/app/components/atoms/MobileMenu/MobileMenu.component.tsx","statementMap":{"0":{"start":{"line":25,"column":47},"end":{"line":102,"column":1}},"1":{"start":{"line":35,"column":27},"end":{"line":38,"column":3}},"2":{"start":{"line":36,"column":9},"end":{"line":36,"column":36}},"3":{"start":{"line":39,"column":39},"end":{"line":39,"column":63}},"4":{"start":{"line":40,"column":39},"end":{"line":40,"column":63}},"5":{"start":{"line":42,"column":2},"end":{"line":100,"column":4}},"6":{"start":{"line":104,"column":0},"end":{"line":104,"column":38}}},"fnMap":{"0":{"name":"(anonymous_0)","decl":{"start":{"line":26,"column":1},"end":{"line":26,"column":2}},"loc":{"start":{"line":34,"column":7},"end":{"line":101,"column":2}},"line":34},"1":{"name":"(anonymous_1)","decl":{"start":{"line":36,"column":3},"end":{"line":36,"column":4}},"loc":{"start":{"line":36,"column":9},"end":{"line":36,"column":36}},"line":36}},"branchMap":{},"s":{"0":1,"1":0,"2":0,"3":0,"4":0,"5":0,"6":1},"f":{"0":0,"1":0},"b":{},"_coverageSchema":"1a1c01bbd47fc00a2c39e90264f33305004495a9","hash":"a009dbc8a289f0ca1350036c0060aaa1a4f6b3e8"}
,"/home/cchromos/Документы/coding/sberUniversity/dogFood/src/app/components/atoms/MobileMenu/index.ts": {"path":"/home/cchromos/Документы/coding/sberUniversity/dogFood/src/app/components/atoms/MobileMenu/index.ts","statementMap":{},"fnMap":{},"branchMap":{},"s":{},"f":{},"b":{},"_coverageSchema":"1a1c01bbd47fc00a2c39e90264f33305004495a9","hash":"944c9be52f42947e2ca214674185ac3d6d04af74"}
,"/home/cchromos/Документы/coding/sberUniversity/dogFood/src/app/components/atoms/MobileMenu/textMap.ts": {"path":"/home/cchromos/Документы/coding/sberUniversity/dogFood/src/app/components/atoms/MobileMenu/textMap.ts","statementMap":{"0":{"start":{"line":1,"column":24},"end":{"line":6,"column":1}}},"fnMap":{},"branchMap":{},"s":{"0":1},"f":{},"b":{},"_coverageSchema":"1a1c01bbd47fc00a2c39e90264f33305004495a9","hash":"fb0900a73dd07bb4455d0735728aaa3885d491c0"}
,"/home/cchromos/Документы/coding/sberUniversity/dogFood/src/app/components/atoms/NotFound/NotFound.component.tsx": {"path":"/home/cchromos/Документы/coding/sberUniversity/dogFood/src/app/components/atoms/NotFound/NotFound.component.tsx","statementMap":{"0":{"start":{"line":5,"column":28},"end":{"line":15,"column":2}},"1":{"start":{"line":6,"column":1},"end":{"line":14,"column":7}},"2":{"start":{"line":17,"column":0},"end":{"line":17,"column":34}}},"fnMap":{"0":{"name":"(anonymous_0)","decl":{"start":{"line":5,"column":33},"end":{"line":5,"column":34}},"loc":{"start":{"line":6,"column":1},"end":{"line":14,"column":7}},"line":6}},"branchMap":{},"s":{"0":1,"1":0,"2":1},"f":{"0":0},"b":{},"_coverageSchema":"1a1c01bbd47fc00a2c39e90264f33305004495a9","hash":"da1db0e6cd8b1cf1f0333e26608c50221a4eb200"}
,"/home/cchromos/Документы/coding/sberUniversity/dogFood/src/app/components/atoms/NotFound/index.ts": {"path":"/home/cchromos/Документы/coding/sberUniversity/dogFood/src/app/components/atoms/NotFound/index.ts","statementMap":{},"fnMap":{},"branchMap":{},"s":{},"f":{},"b":{},"_coverageSchema":"1a1c01bbd47fc00a2c39e90264f33305004495a9","hash":"41033267530a7b998e100afcb19f7f5618c7f7bd"}
,"/home/cchromos/Документы/coding/sberUniversity/dogFood/src/app/components/atoms/NotFound/textMap.ts": {"path":"/home/cchromos/Документы/coding/sberUniversity/dogFood/src/app/components/atoms/NotFound/textMap.ts","statementMap":{"0":{"start":{"line":1,"column":24},"end":{"line":4,"column":1}}},"fnMap":{},"branchMap":{},"s":{"0":1},"f":{},"b":{},"_coverageSchema":"1a1c01bbd47fc00a2c39e90264f33305004495a9","hash":"6bfd78b99c3324a42e29e233830438b4528398ec"}
,"/home/cchromos/Документы/coding/sberUniversity/dogFood/src/app/components/atoms/PasswordController/PasswordController.component.tsx": {"path":"/home/cchromos/Документы/coding/sberUniversity/dogFood/src/app/components/atoms/PasswordController/PasswordController.component.tsx","statementMap":{"0":{"start":{"line":11,"column":63},"end":{"line":31,"column":1}},"1":{"start":{"line":13,"column":2},"end":{"line":29,"column":4}},"2":{"start":{"line":17,"column":4},"end":{"line":27,"column":6}},"3":{"start":{"line":33,"column":0},"end":{"line":33,"column":54}}},"fnMap":{"0":{"name":"(anonymous_0)","decl":{"start":{"line":12,"column":1},"end":{"line":12,"column":2}},"loc":{"start":{"line":13,"column":2},"end":{"line":29,"column":4}},"line":13},"1":{"name":"(anonymous_1)","decl":{"start":{"line":16,"column":11},"end":{"line":16,"column":12}},"loc":{"start":{"line":17,"column":4},"end":{"line":27,"column":6}},"line":17}},"branchMap":{},"s":{"0":1,"1":0,"2":0,"3":1},"f":{"0":0,"1":0},"b":{},"_coverageSchema":"1a1c01bbd47fc00a2c39e90264f33305004495a9","hash":"08fbb00223c752f08bac5aced111fdc5a4744080"}
,"/home/cchromos/Документы/coding/sberUniversity/dogFood/src/app/components/atoms/PasswordController/index.ts": {"path":"/home/cchromos/Документы/coding/sberUniversity/dogFood/src/app/components/atoms/PasswordController/index.ts","statementMap":{},"fnMap":{},"branchMap":{},"s":{},"f":{},"b":{},"_coverageSchema":"1a1c01bbd47fc00a2c39e90264f33305004495a9","hash":"07460f7a2297c26d7562bc9442eb67e621d78c74"}
,"/home/cchromos/Документы/coding/sberUniversity/dogFood/src/app/components/atoms/ProductCardActions/ProductCardActions.component.tsx": {"path":"/home/cchromos/Документы/coding/sberUniversity/dogFood/src/app/components/atoms/ProductCardActions/ProductCardActions.component.tsx","statementMap":{"0":{"start":{"line":27,"column":58},"end":{"line":97,"column":1}},"1":{"start":{"line":29,"column":26},"end":{"line":29,"column":52}},"2":{"start":{"line":31,"column":19},"end":{"line":31,"column":35}},"3":{"start":{"line":33,"column":2},"end":{"line":35,"column":9}},"4":{"start":{"line":34,"column":3},"end":{"line":34,"column":45}},"5":{"start":{"line":37,"column":18},"end":{"line":40,"column":3}},"6":{"start":{"line":38,"column":9},"end":{"line":38,"column":44}},"7":{"start":{"line":42,"column":31},"end":{"line":46,"column":4}},"8":{"start":{"line":54,"column":6},"end":{"line":54,"column":45}},"9":{"start":{"line":56,"column":2},"end":{"line":95,"column":4}},"10":{"start":{"line":99,"column":0},"end":{"line":99,"column":54}}},"fnMap":{"0":{"name":"(anonymous_0)","decl":{"start":{"line":28,"column":1},"end":{"line":28,"column":2}},"loc":{"start":{"line":28,"column":47},"end":{"line":96,"column":2}},"line":28},"1":{"name":"(anonymous_1)","decl":{"start":{"line":33,"column":12},"end":{"line":33,"column":13}},"loc":{"start":{"line":33,"column":18},"end":{"line":35,"column":3}},"line":33},"2":{"name":"(anonymous_2)","decl":{"start":{"line":38,"column":3},"end":{"line":38,"column":4}},"loc":{"start":{"line":38,"column":9},"end":{"line":38,"column":44}},"line":38}},"branchMap":{"0":{"loc":{"start":{"line":34,"column":3},"end":{"line":34,"column":44}},"type":"binary-expr","locations":[{"start":{"line":34,"column":3},"end":{"line":34,"column":15}},{"start":{"line":34,"column":19},"end":{"line":34,"column":44}}],"line":34},"1":{"loc":{"start":{"line":58,"column":5},"end":{"line":88,"column":5}},"type":"cond-expr","locations":[{"start":{"line":59,"column":5},"end":{"line":80,"column":8}},{"start":{"line":82,"column":5},"end":{"line":87,"column":14}}],"line":58},"2":{"loc":{"start":{"line":92,"column":6},"end":{"line":92,"column":49}},"type":"cond-expr","locations":[{"start":{"line":92,"column":16},"end":{"line":92,"column":28}},{"start":{"line":92,"column":31},"end":{"line":92,"column":49}}],"line":92}},"s":{"0":1,"1":0,"2":0,"3":0,"4":0,"5":0,"6":0,"7":0,"8":0,"9":0,"10":1},"f":{"0":0,"1":0,"2":0},"b":{"0":[0,0],"1":[0,0],"2":[0,0]},"_coverageSchema":"1a1c01bbd47fc00a2c39e90264f33305004495a9","hash":"069312fff33ce4530eab7b254b632f615da064c1"}
,"/home/cchromos/Документы/coding/sberUniversity/dogFood/src/app/components/atoms/ProductCardActions/index.ts": {"path":"/home/cchromos/Документы/coding/sberUniversity/dogFood/src/app/components/atoms/ProductCardActions/index.ts","statementMap":{},"fnMap":{},"branchMap":{},"s":{},"f":{},"b":{},"_coverageSchema":"1a1c01bbd47fc00a2c39e90264f33305004495a9","hash":"72c9d12266d125dbc18d6ad1bc179a828a27eb7c"}
,"/home/cchromos/Документы/coding/sberUniversity/dogFood/src/app/components/atoms/ProductCardActions/textMap.ts": {"path":"/home/cchromos/Документы/coding/sberUniversity/dogFood/src/app/components/atoms/ProductCardActions/textMap.ts","statementMap":{"0":{"start":{"line":1,"column":24},"end":{"line":3,"column":1}}},"fnMap":{},"branchMap":{},"s":{"0":1},"f":{},"b":{},"_coverageSchema":"1a1c01bbd47fc00a2c39e90264f33305004495a9","hash":"22c5c6048415bf29393a2a433af7e26303b4fb38"}
,"/home/cchromos/Документы/coding/sberUniversity/dogFood/src/app/components/atoms/ProductCardContent/ProductCardContent.component.tsx": {"path":"/home/cchromos/Документы/coding/sberUniversity/dogFood/src/app/components/atoms/ProductCardContent/ProductCardContent.component.tsx","statementMap":{"0":{"start":{"line":11,"column":63},"end":{"line":23,"column":1}},"1":{"start":{"line":13,"column":2},"end":{"line":21,"column":16}},"2":{"start":{"line":25,"column":0},"end":{"line":25,"column":54}},"3":{"start":{"line":27,"column":42},"end":{"line":27,"column":70}}},"fnMap":{"0":{"name":"(anonymous_0)","decl":{"start":{"line":12,"column":1},"end":{"line":12,"column":2}},"loc":{"start":{"line":13,"column":2},"end":{"line":21,"column":16}},"line":13}},"branchMap":{},"s":{"0":1,"1":0,"2":1,"3":1},"f":{"0":0},"b":{},"_coverageSchema":"1a1c01bbd47fc00a2c39e90264f33305004495a9","hash":"f7be30293a3ea9a834d73dfe969fba4c66a6a473"}
,"/home/cchromos/Документы/coding/sberUniversity/dogFood/src/app/components/atoms/ProductCardContent/index.ts": {"path":"/home/cchromos/Документы/coding/sberUniversity/dogFood/src/app/components/atoms/ProductCardContent/index.ts","statementMap":{},"fnMap":{},"branchMap":{},"s":{},"f":{},"b":{},"_coverageSchema":"1a1c01bbd47fc00a2c39e90264f33305004495a9","hash":"ac214246cd191961f9f30aa361852f6a46e9995d"}
,"/home/cchromos/Документы/coding/sberUniversity/dogFood/src/app/components/atoms/ProductCardSpinner/ProductCardSpinner.component.tsx": {"path":"/home/cchromos/Документы/coding/sberUniversity/dogFood/src/app/components/atoms/ProductCardSpinner/ProductCardSpinner.component.tsx","statementMap":{"0":{"start":{"line":5,"column":38},"end":{"line":11,"column":2}},"1":{"start":{"line":6,"column":1},"end":{"line":10,"column":9}},"2":{"start":{"line":13,"column":0},"end":{"line":13,"column":54}}},"fnMap":{"0":{"name":"(anonymous_0)","decl":{"start":{"line":5,"column":43},"end":{"line":5,"column":44}},"loc":{"start":{"line":6,"column":1},"end":{"line":10,"column":9}},"line":6}},"branchMap":{},"s":{"0":1,"1":0,"2":1},"f":{"0":0},"b":{},"_coverageSchema":"1a1c01bbd47fc00a2c39e90264f33305004495a9","hash":"8bc32c5921261e8a975baf81812ae62dd7547677"}
,"/home/cchromos/Документы/coding/sberUniversity/dogFood/src/app/components/atoms/ProductCardSpinner/index.ts": {"path":"/home/cchromos/Документы/coding/sberUniversity/dogFood/src/app/components/atoms/ProductCardSpinner/index.ts","statementMap":{},"fnMap":{},"branchMap":{},"s":{},"f":{},"b":{},"_coverageSchema":"1a1c01bbd47fc00a2c39e90264f33305004495a9","hash":"2e901aa15954d34f90bd689e1b2692c5fd86b45f"}
,"/home/cchromos/Документы/coding/sberUniversity/dogFood/src/app/components/atoms/ProductImage/ProductImage.component.tsx": {"path":"/home/cchromos/Документы/coding/sberUniversity/dogFood/src/app/components/atoms/ProductImage/ProductImage.component.tsx","statementMap":{"0":{"start":{"line":5,"column":68},"end":{"line":16,"column":1}},"1":{"start":{"line":7,"column":2},"end":{"line":14,"column":4}},"2":{"start":{"line":18,"column":0},"end":{"line":18,"column":42}}},"fnMap":{"0":{"name":"(anonymous_0)","decl":{"start":{"line":6,"column":1},"end":{"line":6,"column":2}},"loc":{"start":{"line":7,"column":2},"end":{"line":14,"column":4}},"line":7}},"branchMap":{},"s":{"0":1,"1":0,"2":1},"f":{"0":0},"b":{},"_coverageSchema":"1a1c01bbd47fc00a2c39e90264f33305004495a9","hash":"4206b1bc47d50a8a7b229163afc34b2f80a9ac47"}
,"/home/cchromos/Документы/coding/sberUniversity/dogFood/src/app/components/atoms/ProductImage/index.ts": {"path":"/home/cchromos/Документы/coding/sberUniversity/dogFood/src/app/components/atoms/ProductImage/index.ts","statementMap":{},"fnMap":{},"branchMap":{},"s":{},"f":{},"b":{},"_coverageSchema":"1a1c01bbd47fc00a2c39e90264f33305004495a9","hash":"bc6cc75e61a9c15ab8d65e3b65c2d01fc0c0c921"}
,"/home/cchromos/Документы/coding/sberUniversity/dogFood/src/app/components/atoms/ProductMiniCardContent/ProductMiniCardContent.component.tsx": {"path":"/home/cchromos/Документы/coding/sberUniversity/dogFood/src/app/components/atoms/ProductMiniCardContent/ProductMiniCardContent.component.tsx","statementMap":{"0":{"start":{"line":18,"column":64},"end":{"line":34,"column":1}},"1":{"start":{"line":20,"column":2},"end":{"line":32,"column":4}},"2":{"start":{"line":36,"column":0},"end":{"line":36,"column":62}},"3":{"start":{"line":38,"column":46},"end":{"line":38,"column":78}}},"fnMap":{"0":{"name":"(anonymous_0)","decl":{"start":{"line":19,"column":1},"end":{"line":19,"column":2}},"loc":{"start":{"line":19,"column":61},"end":{"line":33,"column":2}},"line":19}},"branchMap":{},"s":{"0":1,"1":0,"2":1,"3":1},"f":{"0":0},"b":{},"_coverageSchema":"1a1c01bbd47fc00a2c39e90264f33305004495a9","hash":"66fa834fce8a9480329f2fda1a88e8217a39ccf1"}
,"/home/cchromos/Документы/coding/sberUniversity/dogFood/src/app/components/atoms/ProductMiniCardContent/ProductMiniCardContent.styles.ts": {"path":"/home/cchromos/Документы/coding/sberUniversity/dogFood/src/app/components/atoms/ProductMiniCardContent/ProductMiniCardContent.styles.ts","statementMap":{"0":{"start":{"line":4,"column":19},"end":{"line":8,"column":3}},"1":{"start":{"line":4,"column":49},"end":{"line":8,"column":1}},"2":{"start":{"line":10,"column":22},"end":{"line":12,"column":1}}},"fnMap":{"0":{"name":"(anonymous_0)","decl":{"start":{"line":4,"column":42},"end":{"line":4,"column":43}},"loc":{"start":{"line":4,"column":49},"end":{"line":8,"column":1}},"line":4}},"branchMap":{},"s":{"0":1,"1":0,"2":1},"f":{"0":0},"b":{},"_coverageSchema":"1a1c01bbd47fc00a2c39e90264f33305004495a9","hash":"36cead97fdcdcb5b2b51912cd7e8920db8554974"}
,"/home/cchromos/Документы/coding/sberUniversity/dogFood/src/app/components/atoms/ProductMiniCardContent/index.ts": {"path":"/home/cchromos/Документы/coding/sberUniversity/dogFood/src/app/components/atoms/ProductMiniCardContent/index.ts","statementMap":{},"fnMap":{},"branchMap":{},"s":{},"f":{},"b":{},"_coverageSchema":"1a1c01bbd47fc00a2c39e90264f33305004495a9","hash":"2b8891007713c5aff4e181aaded7141cd5cf754c"}
,"/home/cchromos/Документы/coding/sberUniversity/dogFood/src/app/components/atoms/ProductPrice/ProductPrice.component.tsx": {"path":"/home/cchromos/Документы/coding/sberUniversity/dogFood/src/app/components/atoms/ProductPrice/ProductPrice.component.tsx","statementMap":{"0":{"start":{"line":10,"column":51},"end":{"line":30,"column":1}},"1":{"start":{"line":12,"column":2},"end":{"line":28,"column":4}},"2":{"start":{"line":32,"column":0},"end":{"line":32,"column":42}}},"fnMap":{"0":{"name":"(anonymous_0)","decl":{"start":{"line":11,"column":1},"end":{"line":11,"column":2}},"loc":{"start":{"line":12,"column":2},"end":{"line":28,"column":4}},"line":12}},"branchMap":{"0":{"loc":{"start":{"line":16,"column":12},"end":{"line":16,"column":40}},"type":"cond-expr","locations":[{"start":{"line":16,"column":23},"end":{"line":16,"column":28}},{"start":{"line":16,"column":31},"end":{"line":16,"column":40}}],"line":16},"1":{"loc":{"start":{"line":17,"column":19},"end":{"line":17,"column":35}},"type":"cond-expr","locations":[{"start":{"line":17,"column":30},"end":{"line":17,"column":31}},{"start":{"line":17,"column":34},"end":{"line":17,"column":35}}],"line":17},"2":{"loc":{"start":{"line":19,"column":15},"end":{"line":19,"column":38}},"type":"cond-expr","locations":[{"start":{"line":19,"column":26},"end":{"line":19,"column":31}},{"start":{"line":19,"column":34},"end":{"line":19,"column":38}}],"line":19},"3":{"loc":{"start":{"line":21,"column":14},"end":{"line":21,"column":44}},"type":"cond-expr","locations":[{"start":{"line":21,"column":25},"end":{"line":21,"column":36}},{"start":{"line":21,"column":39},"end":{"line":21,"column":44}}],"line":21},"4":{"loc":{"start":{"line":24,"column":21},"end":{"line":24,"column":55}},"type":"cond-expr","locations":[{"start":{"line":24,"column":32},"end":{"line":24,"column":46}},{"start":{"line":24,"column":49},"end":{"line":24,"column":55}}],"line":24}},"s":{"0":1,"1":0,"2":1},"f":{"0":0},"b":{"0":[0,0],"1":[0,0],"2":[0,0],"3":[0,0],"4":[0,0]},"_coverageSchema":"1a1c01bbd47fc00a2c39e90264f33305004495a9","hash":"f505c3b9e57717a9c608ace223adee08324d0718"}
,"/home/cchromos/Документы/coding/sberUniversity/dogFood/src/app/components/atoms/ProductPrice/index.ts": {"path":"/home/cchromos/Документы/coding/sberUniversity/dogFood/src/app/components/atoms/ProductPrice/index.ts","statementMap":{},"fnMap":{},"branchMap":{},"s":{},"f":{},"b":{},"_coverageSchema":"1a1c01bbd47fc00a2c39e90264f33305004495a9","hash":"69005638915ffb8415e45138e3c7531379897bd2"}
,"/home/cchromos/Документы/coding/sberUniversity/dogFood/src/app/components/atoms/ProductReviews/ProductReviews.component.tsx": {"path":"/home/cchromos/Документы/coding/sberUniversity/dogFood/src/app/components/atoms/ProductReviews/ProductReviews.component.tsx","statementMap":{"0":{"start":{"line":12,"column":68},"end":{"line":49,"column":1}},"1":{"start":{"line":14,"column":2},"end":{"line":47,"column":4}},"2":{"start":{"line":23,"column":5},"end":{"line":44,"column":16}},"3":{"start":{"line":51,"column":0},"end":{"line":51,"column":46}}},"fnMap":{"0":{"name":"(anonymous_0)","decl":{"start":{"line":13,"column":1},"end":{"line":13,"column":2}},"loc":{"start":{"line":13,"column":18},"end":{"line":48,"column":2}},"line":13},"1":{"name":"(anonymous_1)","decl":{"start":{"line":22,"column":18},"end":{"line":22,"column":19}},"loc":{"start":{"line":23,"column":5},"end":{"line":44,"column":16}},"line":23}},"branchMap":{},"s":{"0":1,"1":0,"2":0,"3":1},"f":{"0":0,"1":0},"b":{},"_coverageSchema":"1a1c01bbd47fc00a2c39e90264f33305004495a9","hash":"35ac2f0b59eb9ef4ea38d0b2ab18bdda179efb09"}
,"/home/cchromos/Документы/coding/sberUniversity/dogFood/src/app/components/atoms/ProductReviews/index.ts": {"path":"/home/cchromos/Документы/coding/sberUniversity/dogFood/src/app/components/atoms/ProductReviews/index.ts","statementMap":{},"fnMap":{},"branchMap":{},"s":{},"f":{},"b":{},"_coverageSchema":"1a1c01bbd47fc00a2c39e90264f33305004495a9","hash":"913b4ecd3519be652f3bb67be34b2749da6d09dc"}
,"/home/cchromos/Документы/coding/sberUniversity/dogFood/src/app/components/atoms/ReviewForm/ReviewForm.component.tsx": {"path":"/home/cchromos/Документы/coding/sberUniversity/dogFood/src/app/components/atoms/ReviewForm/ReviewForm.component.tsx","statementMap":{"0":{"start":{"line":16,"column":62},"end":{"line":103,"column":1}},"1":{"start":{"line":18,"column":30},"end":{"line":18,"column":42}},"2":{"start":{"line":19,"column":30},"end":{"line":19,"column":41}},"3":{"start":{"line":21,"column":19},"end":{"line":21,"column":35}},"4":{"start":{"line":23,"column":30},"end":{"line":26,"column":3}},"5":{"start":{"line":24,"column":45},"end":{"line":24,"column":74}},"6":{"start":{"line":27,"column":30},"end":{"line":31,"column":3}},"7":{"start":{"line":29,"column":4},"end":{"line":29,"column":41}},"8":{"start":{"line":33,"column":35},"end":{"line":36,"column":8}},"9":{"start":{"line":34,"column":3},"end":{"line":34,"column":17}},"10":{"start":{"line":35,"column":3},"end":{"line":35,"column":16}},"11":{"start":{"line":37,"column":33},"end":{"line":50,"column":43}},"12":{"start":{"line":38,"column":41},"end":{"line":41,"column":4}},"13":{"start":{"line":43,"column":3},"end":{"line":49,"column":4}},"14":{"start":{"line":44,"column":4},"end":{"line":46,"column":6}},"15":{"start":{"line":47,"column":4},"end":{"line":47,"column":18}},"16":{"start":{"line":48,"column":4},"end":{"line":48,"column":17}},"17":{"start":{"line":52,"column":2},"end":{"line":101,"column":4}},"18":{"start":{"line":105,"column":0},"end":{"line":105,"column":38}}},"fnMap":{"0":{"name":"(anonymous_0)","decl":{"start":{"line":17,"column":1},"end":{"line":17,"column":2}},"loc":{"start":{"line":17,"column":20},"end":{"line":102,"column":2}},"line":17},"1":{"name":"(anonymous_1)","decl":{"start":{"line":24,"column":3},"end":{"line":24,"column":4}},"loc":{"start":{"line":24,"column":45},"end":{"line":24,"column":74}},"line":24},"2":{"name":"(anonymous_2)","decl":{"start":{"line":28,"column":3},"end":{"line":28,"column":4}},"loc":{"start":{"line":29,"column":4},"end":{"line":29,"column":41}},"line":29},"3":{"name":"(anonymous_3)","decl":{"start":{"line":33,"column":47},"end":{"line":33,"column":48}},"loc":{"start":{"line":33,"column":53},"end":{"line":36,"column":3}},"line":33},"4":{"name":"(anonymous_4)","decl":{"start":{"line":37,"column":45},"end":{"line":37,"column":46}},"loc":{"start":{"line":37,"column":51},"end":{"line":50,"column":3}},"line":37}},"branchMap":{"0":{"loc":{"start":{"line":43,"column":3},"end":{"line":49,"column":4}},"type":"if","locations":[{"start":{"line":43,"column":3},"end":{"line":49,"column":4}},{"start":{},"end":{}}],"line":43},"1":{"loc":{"start":{"line":43,"column":7},"end":{"line":43,"column":26}},"type":"binary-expr","locations":[{"start":{"line":43,"column":7},"end":{"line":43,"column":16}},{"start":{"line":43,"column":20},"end":{"line":43,"column":26}}],"line":43},"2":{"loc":{"start":{"line":59,"column":7},"end":{"line":76,"column":7}},"type":"cond-expr","locations":[{"start":{"line":60,"column":7},"end":{"line":67,"column":9}},{"start":{"line":69,"column":7},"end":{"line":75,"column":9}}],"line":59},"3":{"loc":{"start":{"line":59,"column":7},"end":{"line":59,"column":31}},"type":"binary-expr","locations":[{"start":{"line":59,"column":7},"end":{"line":59,"column":17}},{"start":{"line":59,"column":21},"end":{"line":59,"column":31}}],"line":59}},"s":{"0":1,"1":0,"2":0,"3":0,"4":0,"5":0,"6":0,"7":0,"8":0,"9":0,"10":0,"11":0,"12":0,"13":0,"14":0,"15":0,"16":0,"17":0,"18":1},"f":{"0":0,"1":0,"2":0,"3":0,"4":0},"b":{"0":[0,0],"1":[0,0],"2":[0,0],"3":[0,0]},"_coverageSchema":"1a1c01bbd47fc00a2c39e90264f33305004495a9","hash":"f14f3eec5cf919ccc6225b885a065351752f5df8"}
,"/home/cchromos/Документы/coding/sberUniversity/dogFood/src/app/components/atoms/ReviewForm/index.ts": {"path":"/home/cchromos/Документы/coding/sberUniversity/dogFood/src/app/components/atoms/ReviewForm/index.ts","statementMap":{},"fnMap":{},"branchMap":{},"s":{},"f":{},"b":{},"_coverageSchema":"1a1c01bbd47fc00a2c39e90264f33305004495a9","hash":"891fc3d61f3e51f477d685c719ceb84eba9ff5da"}
,"/home/cchromos/Документы/coding/sberUniversity/dogFood/src/app/components/atoms/ReviewForm/textMap.ts": {"path":"/home/cchromos/Документы/coding/sberUniversity/dogFood/src/app/components/atoms/ReviewForm/textMap.ts","statementMap":{"0":{"start":{"line":1,"column":24},"end":{"line":6,"column":1}}},"fnMap":{},"branchMap":{},"s":{"0":1},"f":{},"b":{},"_coverageSchema":"1a1c01bbd47fc00a2c39e90264f33305004495a9","hash":"f4d100a684c138818ed521932681ceb1e9b08db9"}
,"/home/cchromos/Документы/coding/sberUniversity/dogFood/src/app/components/atoms/Search/Search.component.tsx": {"path":"/home/cchromos/Документы/coding/sberUniversity/dogFood/src/app/components/atoms/Search/Search.component.tsx","statementMap":{"0":{"start":{"line":9,"column":26},"end":{"line":33,"column":2}},"1":{"start":{"line":11,"column":2},"end":{"line":11,"column":32}},"2":{"start":{"line":13,"column":1},"end":{"line":32,"column":3}},"3":{"start":{"line":35,"column":0},"end":{"line":35,"column":30}}},"fnMap":{"0":{"name":"(anonymous_0)","decl":{"start":{"line":9,"column":31},"end":{"line":9,"column":32}},"loc":{"start":{"line":9,"column":37},"end":{"line":33,"column":1}},"line":9}},"branchMap":{"0":{"loc":{"start":{"line":18,"column":4},"end":{"line":24,"column":4}},"type":"binary-expr","locations":[{"start":{"line":18,"column":4},"end":{"line":18,"column":17}},{"start":{"line":19,"column":4},"end":{"line":23,"column":31}}],"line":18}},"s":{"0":1,"1":0,"2":0,"3":1},"f":{"0":0},"b":{"0":[0,0]},"_coverageSchema":"1a1c01bbd47fc00a2c39e90264f33305004495a9","hash":"ee9bb81016c564fc8b2fc36b62005c41b7a1854d"}
,"/home/cchromos/Документы/coding/sberUniversity/dogFood/src/app/components/atoms/Search/Search.styles.ts": {"path":"/home/cchromos/Документы/coding/sberUniversity/dogFood/src/app/components/atoms/Search/Search.styles.ts","statementMap":{"0":{"start":{"line":4,"column":15},"end":{"line":17,"column":3}},"1":{"start":{"line":4,"column":45},"end":{"line":17,"column":1}},"2":{"start":{"line":19,"column":26},"end":{"line":26,"column":3}},"3":{"start":{"line":19,"column":56},"end":{"line":26,"column":1}},"4":{"start":{"line":28,"column":14},"end":{"line":38,"column":3}},"5":{"start":{"line":28,"column":48},"end":{"line":38,"column":1}},"6":{"start":{"line":40,"column":22},"end":{"line":44,"column":1}}},"fnMap":{"0":{"name":"(anonymous_0)","decl":{"start":{"line":4,"column":29},"end":{"line":4,"column":30}},"loc":{"start":{"line":4,"column":45},"end":{"line":17,"column":1}},"line":4},"1":{"name":"(anonymous_1)","decl":{"start":{"line":19,"column":40},"end":{"line":19,"column":41}},"loc":{"start":{"line":19,"column":56},"end":{"line":26,"column":1}},"line":19},"2":{"name":"(anonymous_2)","decl":{"start":{"line":28,"column":32},"end":{"line":28,"column":33}},"loc":{"start":{"line":28,"column":48},"end":{"line":38,"column":1}},"line":28}},"branchMap":{},"s":{"0":1,"1":0,"2":1,"3":0,"4":1,"5":0,"6":1},"f":{"0":0,"1":0,"2":0},"b":{},"_coverageSchema":"1a1c01bbd47fc00a2c39e90264f33305004495a9","hash":"2cbd9c6f367fff93d66605aa86cd9cf21ded488e"}
,"/home/cchromos/Документы/coding/sberUniversity/dogFood/src/app/components/atoms/Search/constants.ts": {"path":"/home/cchromos/Документы/coding/sberUniversity/dogFood/src/app/components/atoms/Search/constants.ts","statementMap":{"0":{"start":{"line":1,"column":32},"end":{"line":1,"column":40}}},"fnMap":{},"branchMap":{},"s":{"0":1},"f":{},"b":{},"_coverageSchema":"1a1c01bbd47fc00a2c39e90264f33305004495a9","hash":"c7d32bda159200409ccbdbf5e98ff8c293d49440"}
,"/home/cchromos/Документы/coding/sberUniversity/dogFood/src/app/components/atoms/Search/hook.ts": {"path":"/home/cchromos/Документы/coding/sberUniversity/dogFood/src/app/components/atoms/Search/hook.ts","statementMap":{"0":{"start":{"line":16,"column":1},"end":{"line":48,"column":2}},"1":{"start":{"line":17,"column":46},"end":{"line":17,"column":69}},"2":{"start":{"line":18,"column":42},"end":{"line":18,"column":59}},"3":{"start":{"line":20,"column":2},"end":{"line":24,"column":9}},"4":{"start":{"line":21,"column":26},"end":{"line":21,"column":60}},"5":{"start":{"line":23,"column":3},"end":{"line":23,"column":54}},"6":{"start":{"line":26,"column":37},"end":{"line":36,"column":3}},"7":{"start":{"line":28,"column":18},"end":{"line":28,"column":36}},"8":{"start":{"line":30,"column":4},"end":{"line":30,"column":28}},"9":{"start":{"line":31,"column":4},"end":{"line":33,"column":27}},"10":{"start":{"line":38,"column":34},"end":{"line":41,"column":41}},"11":{"start":{"line":39,"column":3},"end":{"line":39,"column":24}},"12":{"start":{"line":40,"column":3},"end":{"line":40,"column":23}},"13":{"start":{"line":43,"column":2},"end":{"line":47,"column":4}}},"fnMap":{"0":{"name":"(anonymous_0)","decl":{"start":{"line":16,"column":1},"end":{"line":16,"column":2}},"loc":{"start":{"line":16,"column":41},"end":{"line":48,"column":2}},"line":16},"1":{"name":"(anonymous_1)","decl":{"start":{"line":20,"column":12},"end":{"line":20,"column":13}},"loc":{"start":{"line":20,"column":18},"end":{"line":24,"column":3}},"line":20},"2":{"name":"(anonymous_2)","decl":{"start":{"line":27,"column":3},"end":{"line":27,"column":4}},"loc":{"start":{"line":27,"column":67},"end":{"line":34,"column":4}},"line":27},"3":{"name":"(anonymous_3)","decl":{"start":{"line":38,"column":46},"end":{"line":38,"column":47}},"loc":{"start":{"line":38,"column":52},"end":{"line":41,"column":3}},"line":38}},"branchMap":{"0":{"loc":{"start":{"line":23,"column":3},"end":{"line":23,"column":53}},"type":"binary-expr","locations":[{"start":{"line":23,"column":3},"end":{"line":23,"column":17}},{"start":{"line":23,"column":21},"end":{"line":23,"column":53}}],"line":23},"1":{"loc":{"start":{"line":31,"column":4},"end":{"line":33,"column":26}},"type":"cond-expr","locations":[{"start":{"line":32,"column":7},"end":{"line":32,"column":53}},{"start":{"line":33,"column":7},"end":{"line":33,"column":26}}],"line":31}},"s":{"0":1,"1":0,"2":0,"3":0,"4":0,"5":0,"6":0,"7":0,"8":0,"9":0,"10":0,"11":0,"12":0,"13":0},"f":{"0":0,"1":0,"2":0,"3":0},"b":{"0":[0,0],"1":[0,0]},"_coverageSchema":"1a1c01bbd47fc00a2c39e90264f33305004495a9","hash":"a648d7a445a7b89268209f5b6abf36afcd9d534b"}
,"/home/cchromos/Документы/coding/sberUniversity/dogFood/src/app/components/atoms/Search/index.ts": {"path":"/home/cchromos/Документы/coding/sberUniversity/dogFood/src/app/components/atoms/Search/index.ts","statementMap":{},"fnMap":{},"branchMap":{},"s":{},"f":{},"b":{},"_coverageSchema":"1a1c01bbd47fc00a2c39e90264f33305004495a9","hash":"65adbdc61f65bccc589103e68d939e96ba99f34b"}
,"/home/cchromos/Документы/coding/sberUniversity/dogFood/src/app/components/atoms/Search/textMap.ts": {"path":"/home/cchromos/Документы/coding/sberUniversity/dogFood/src/app/components/atoms/Search/textMap.ts","statementMap":{"0":{"start":{"line":1,"column":24},"end":{"line":3,"column":1}}},"fnMap":{},"branchMap":{},"s":{"0":1},"f":{},"b":{},"_coverageSchema":"1a1c01bbd47fc00a2c39e90264f33305004495a9","hash":"9d7a509280f0d2b7e887c8268054a91329b20f65"}
,"/home/cchromos/Документы/coding/sberUniversity/dogFood/src/app/components/atoms/Sort/Sort.component.tsx": {"path":"/home/cchromos/Документы/coding/sberUniversity/dogFood/src/app/components/atoms/Sort/Sort.component.tsx","statementMap":{"0":{"start":{"line":6,"column":24},"end":{"line":34,"column":2}},"1":{"start":{"line":7,"column":29},"end":{"line":7,"column":54}},"2":{"start":{"line":9,"column":22},"end":{"line":14,"column":2}},"3":{"start":{"line":13,"column":2},"end":{"line":13,"column":26}},"4":{"start":{"line":16,"column":1},"end":{"line":33,"column":3}},"5":{"start":{"line":36,"column":0},"end":{"line":36,"column":26}}},"fnMap":{"0":{"name":"(anonymous_0)","decl":{"start":{"line":6,"column":29},"end":{"line":6,"column":30}},"loc":{"start":{"line":6,"column":35},"end":{"line":34,"column":1}},"line":6},"1":{"name":"(anonymous_1)","decl":{"start":{"line":9,"column":22},"end":{"line":9,"column":23}},"loc":{"start":{"line":12,"column":6},"end":{"line":14,"column":2}},"line":12}},"branchMap":{},"s":{"0":1,"1":2,"2":2,"3":0,"4":2,"5":1},"f":{"0":2,"1":0},"b":{},"_coverageSchema":"1a1c01bbd47fc00a2c39e90264f33305004495a9","hash":"bbc74fa32d2bc414c53bfac9f77f9527f1181217"}
,"/home/cchromos/Документы/coding/sberUniversity/dogFood/src/app/components/atoms/Sort/constants.ts": {"path":"/home/cchromos/Документы/coding/sberUniversity/dogFood/src/app/components/atoms/Sort/constants.ts","statementMap":{},"fnMap":{},"branchMap":{},"s":{},"f":{},"b":{},"_coverageSchema":"1a1c01bbd47fc00a2c39e90264f33305004495a9","hash":"dc50d26426782cddb9ed6ab2f7b5d086b6c02aea"}
,"/home/cchromos/Документы/coding/sberUniversity/dogFood/src/app/components/atoms/Sort/index.ts": {"path":"/home/cchromos/Документы/coding/sberUniversity/dogFood/src/app/components/atoms/Sort/index.ts","statementMap":{},"fnMap":{},"branchMap":{},"s":{},"f":{},"b":{},"_coverageSchema":"1a1c01bbd47fc00a2c39e90264f33305004495a9","hash":"4fb4b29dabc26a22e1e2c62190338fb115df86d1"}
,"/home/cchromos/Документы/coding/sberUniversity/dogFood/src/app/components/atoms/UserCard/UserCard.component.tsx": {"path":"/home/cchromos/Документы/coding/sberUniversity/dogFood/src/app/components/atoms/UserCard/UserCard.component.tsx","statementMap":{"0":{"start":{"line":32,"column":43},"end":{"line":148,"column":2}},"1":{"start":{"line":33,"column":36},"end":{"line":33,"column":62}},"2":{"start":{"line":34,"column":33},"end":{"line":34,"column":48}},"3":{"start":{"line":36,"column":53},"end":{"line":38,"column":6}},"4":{"start":{"line":40,"column":41},"end":{"line":44,"column":2}},"5":{"start":{"line":42,"column":3},"end":{"line":42,"column":44}},"6":{"start":{"line":46,"column":55},"end":{"line":48,"column":6}},"7":{"start":{"line":50,"column":42},"end":{"line":55,"column":2}},"8":{"start":{"line":52,"column":3},"end":{"line":52,"column":46}},"9":{"start":{"line":57,"column":18},"end":{"line":57,"column":34}},"10":{"start":{"line":59,"column":1},"end":{"line":61,"column":8}},"11":{"start":{"line":60,"column":2},"end":{"line":60,"column":44}},"12":{"start":{"line":63,"column":1},"end":{"line":66,"column":45}},"13":{"start":{"line":64,"column":2},"end":{"line":64,"column":43}},"14":{"start":{"line":65,"column":2},"end":{"line":65,"column":45}},"15":{"start":{"line":68,"column":32},"end":{"line":71,"column":2}},"16":{"start":{"line":69,"column":8},"end":{"line":69,"column":36}},"17":{"start":{"line":69,"column":30},"end":{"line":69,"column":35}},"18":{"start":{"line":73,"column":38},"end":{"line":82,"column":56}},"19":{"start":{"line":74,"column":2},"end":{"line":74,"column":21}},"20":{"start":{"line":75,"column":2},"end":{"line":81,"column":12}},"21":{"start":{"line":84,"column":1},"end":{"line":147,"column":3}},"22":{"start":{"line":150,"column":0},"end":{"line":150,"column":34}}},"fnMap":{"0":{"name":"(anonymous_0)","decl":{"start":{"line":32,"column":48},"end":{"line":32,"column":49}},"loc":{"start":{"line":32,"column":69},"end":{"line":148,"column":1}},"line":32},"1":{"name":"(anonymous_1)","decl":{"start":{"line":41,"column":2},"end":{"line":41,"column":3}},"loc":{"start":{"line":42,"column":3},"end":{"line":42,"column":44}},"line":42},"2":{"name":"(anonymous_2)","decl":{"start":{"line":51,"column":2},"end":{"line":51,"column":3}},"loc":{"start":{"line":51,"column":44},"end":{"line":53,"column":3}},"line":51},"3":{"name":"(anonymous_3)","decl":{"start":{"line":59,"column":11},"end":{"line":59,"column":12}},"loc":{"start":{"line":59,"column":17},"end":{"line":61,"column":2}},"line":59},"4":{"name":"(anonymous_4)","decl":{"start":{"line":63,"column":11},"end":{"line":63,"column":12}},"loc":{"start":{"line":63,"column":17},"end":{"line":66,"column":2}},"line":63},"5":{"name":"(anonymous_5)","decl":{"start":{"line":69,"column":2},"end":{"line":69,"column":3}},"loc":{"start":{"line":69,"column":8},"end":{"line":69,"column":36}},"line":69},"6":{"name":"(anonymous_6)","decl":{"start":{"line":69,"column":20},"end":{"line":69,"column":21}},"loc":{"start":{"line":69,"column":30},"end":{"line":69,"column":35}},"line":69},"7":{"name":"(anonymous_7)","decl":{"start":{"line":73,"column":50},"end":{"line":73,"column":51}},"loc":{"start":{"line":73,"column":56},"end":{"line":82,"colum
[...]
column":1}},"2":{"start":{"line":8,"column":31},"end":{"line":8,"column":69}},"3":{"start":{"line":10,"column":1},"end":{"line":10,"column":71}},"4":{"start":{"line":13,"column":17},"end":{"line":15,"column":1}},"5":{"start":{"line":14,"column":1},"end":{"line":14,"column":63}},"6":{"start":{"line":21,"column":34},"end":{"line":23,"column":1}},"7":{"start":{"line":25,"column":27},"end":{"line":83,"column":2}},"8":{"start":{"line":30,"column":29},"end":{"line":32,"column":4}},"9":{"start":{"line":31,"column":25},"end":{"line":31,"column":67}},"10":{"start":{"line":34,"column":3},"end":{"line":49,"column":4}},"11":{"start":{"line":35,"column":4},"end":{"line":43,"column":6}},"12":{"start":{"line":36,"column":5},"end":{"line":42,"column":23}},"13":{"start":{"line":45,"column":4},"end":{"line":48,"column":6}},"14":{"start":{"line":50,"column":3},"end":{"line":50,"column":36}},"15":{"start":{"line":53,"column":27},"end":{"line":55,"column":4}},"16":{"start":{"line":54,"column":25},"end":{"line":54,"column":63}},"17":{"start":{"line":57,"column":3},"end":{"line":73,"column":5}},"18":{"start":{"line":58,"column":4},"end":{"line":73,"column":5}},"19":{"start":{"line":59,"column":5},"end":{"line":68,"column":7}},"20":{"start":{"line":61,"column":7},"end":{"line":67,"column":25}},"21":{"start":{"line":70,"column":5},"end":{"line":72,"column":7}},"22":{"start":{"line":71,"column":27},"end":{"line":71,"column":65}},"23":{"start":{"line":74,"column":3},"end":{"line":74,"column":36}},"24":{"start":{"line":77,"column":3},"end":{"line":79,"column":5}},"25":{"start":{"line":78,"column":25},"end":{"line":78,"column":63}},"26":{"start":{"line":80,"column":3},"end":{"line":80,"column":36}},"27":{"start":{"line":89,"column":4},"end":{"line":89,"column":23}},"28":{"start":{"line":91,"column":29},"end":{"line":91,"column":48}}},"fnMap":{"0":{"name":"(anonymous_0)","decl":{"start":{"line":7,"column":24},"end":{"line":7,"column":25}},"loc":{"start":{"line":7,"column":30},"end":{"line":11,"column":1}},"line":7},"1":{"name":"(anonymous_1)","decl":{"start":{"line":13,"column":17},"end":{"line":13,"column":18}},"loc":{"start":{"line":13,"column":47},"end":{"line":15,"column":1}},"line":13},"2":{"name":"(anonymous_2)","decl":{"start":{"line":29,"column":22},"end":{"line":29,"column":23}},"loc":{"start":{"line":29,"column":41},"end":{"line":51,"column":3}},"line":29},"3":{"name":"(anonymous_3)","decl":{"start":{"line":31,"column":4},"end":{"line":31,"column":5}},"loc":{"start":{"line":31,"column":25},"end":{"line":31,"column":67}},"line":31},"4":{"name":"(anonymous_4)","decl":{"start":{"line":35,"column":56},"end":{"line":35,"column":57}},"loc":{"start":{"line":36,"column":5},"end":{"line":42,"column":23}},"line":36},"5":{"name":"(anonymous_5)","decl":{"start":{"line":52,"column":36},"end":{"line":52,"column":37}},"loc":{"start":{"line":52,"column":55},"end":{"line":75,"column":3}},"line":52},"6":{"name":"(anonymous_6)","decl":{"start":{"line":54,"column":4},"end":{"line":54,"column":5}},"loc":{"start":{"line":54,"column":25},"end":{"line":54,"column":63}},"line":54},"7":{"name":"(anonymous_7)","decl":{"start":{"line":60,"column":6},"end":{"line":60,"column":7}},"loc":{"start":{"line":61,"column":7},"end":{"line":67,"column":25}},"line":61},"8":{"name":"(anonymous_8)","decl":{"start":{"line":71,"column":6},"end":{"line":71,"column":7}},"loc":{"start":{"line":71,"column":27},"end":{"line":71,"column":65}},"line":71},"9":{"name":"(anonymous_9)","decl":{"start":{"line":76,"column":27},"end":{"line":76,"column":28}},"loc":{"start":{"line":76,"column":46},"end":{"line":81,"column":3}},"line":76},"10":{"name":"(anonymous_10)","decl":{"start":{"line":78,"column":4},"end":{"line":78,"column":5}},"loc":{"start":{"line":78,"column":25},"end":{"line":78,"column":63}},"line":78}},"branchMap":{"0":{"loc":{"start":{"line":10,"column":8},"end":{"line":10,"column":70}},"type":"cond-expr","locations":[{"start":{"line":10,"column":32},"end":{"line":10,"column":65}},{"start":{"line":10,"column":68},"end":{"line":10,"column":70}}],"line":10},"1":{"loc":{"start":{"line":34,"column":3},"end":{"line":49,"column":4}},"type":"if","locations":[{"start":{"line":34,"column":3},"end":{"line":49,"column":4}},{"start":{"line":44,"column":10},"end":{"line":49,"column":4}}],"line":34},"2":{"loc":{"start":{"line":36,"column":5},"end":{"line":42,"column":23}},"type":"cond-expr","locations":[{"start":{"line":37,"column":8},"end":{"line":41,"column":9}},{"start":{"line":42,"column":8},"end":{"line":42,"column":23}}],"line":36},"3":{"loc":{"start":{"line":57,"column":3},"end":{"line":73,"column":5}},"type":"if","locations":[{"start":{"line":57,"column":3},"end":{"line":73,"column":5}},{"start":{},"end":{}}],"line":57},"4":{"loc":{"start":{"line":58,"column":4},"end":{"line":73,"column":5}},"type":"if","locations":[{"start":{"line":58,"column":4},"end":{"line":73,"column":5}},{"start":{"line":69,"column":11},"end":{"line":73,"column":5}}],"line":58},"5":{"loc":{"start":{"line":61,"column":7},"end":{"line":67,"column":25}},"type":"cond-expr","locations":[{"start":{"line":62,"column":10},"end":{"line":66,"column":11}},{"start":{"line":67,"column":10},"end":{"line":67,"column":25}}],"line":61}},"s":{"0":1,"1":1,"2":1,"3":1,"4":1,"5":0,"6":1,"7":1,"8":0,"9":0,"10":0,"11":0,"12":0,"13":0,"14":0,"15":0,"16":0,"17":0,"18":0,"19":0,"20":0,"21":0,"22":0,"23":0,"24":0,"25":0,"26":0,"27":1,"28":1},"f":{"0":1,"1":0,"2":0,"3":0,"4":0,"5":0,"6":0,"7":0,"8":0,"9":0,"10":0},"b":{"0":[0,1],"1":[0,0],"2":[0,0],"3":[0,0],"4":[0,0],"5":[0,0]},"_coverageSchema":"1a1c01bbd47fc00a2c39e90264f33305004495a9","hash":"b53c8751d059f820cbd1fe977be8211e537069e7"}
,"/home/cchromos/Документы/coding/sberUniversity/dogFood/src/app/store/basketStore/index.ts": {"path":"/home/cchromos/Документы/coding/sberUniversity/dogFood/src/app/store/basketStore/index.ts","statementMap":{},"fnMap":{},"branchMap":{},"s":{},"f":{},"b":{},"_coverageSchema":"1a1c01bbd47fc00a2c39e90264f33305004495a9","hash":"90383a0e93575330fba53a95ed83be4b7e444d56"}
,"/home/cchromos/Документы/coding/sberUniversity/dogFood/src/app/store/productsStore/index.ts": {"path":"/home/cchromos/Документы/coding/sberUniversity/dogFood/src/app/store/productsStore/index.ts","statementMap":{},"fnMap":{},"branchMap":{},"s":{},"f":{},"b":{},"_coverageSchema":"1a1c01bbd47fc00a2c39e90264f33305004495a9","hash":"540a2bace4455a41abe7eb246fd8734bac99f79f"}
,"/home/cchromos/Документы/coding/sberUniversity/dogFood/src/app/store/productsStore/productsStore.ts": {"path":"/home/cchromos/Документы/coding/sberUniversity/dogFood/src/app/store/productsStore/productsStore.ts","statementMap":{"0":{"start":{"line":11,"column":25},"end":{"line":11,"column":35}},"1":{"start":{"line":21,"column":36},"end":{"line":27,"column":1}},"2":{"start":{"line":29,"column":34},"end":{"line":40,"column":1}},"3":{"start":{"line":32,"column":2},"end":{"line":38,"column":3}},"4":{"start":{"line":33,"column":20},"end":{"line":33,"column":59}},"5":{"start":{"line":35,"column":3},"end":{"line":35,"column":37}},"6":{"start":{"line":37,"column":3},"end":{"line":37,"column":33}},"7":{"start":{"line":42,"column":41},"end":{"line":56,"column":1}},"8":{"start":{"line":48,"column":2},"end":{"line":54,"column":3}},"9":{"start":{"line":49,"column":20},"end":{"line":49,"column":62}},"10":{"start":{"line":51,"column":3},"end":{"line":51,"column":37}},"11":{"start":{"line":53,"column":3},"end":{"line":53,"column":33}},"12":{"start":{"line":58,"column":29},"end":{"line":81,"column":2}},"13":{"start":{"line":63,"column":2},"end":{"line":79,"column":6}},"14":{"start":{"line":65,"column":4},"end":{"line":65,"column":28}},"15":{"start":{"line":66,"column":4},"end":{"line":66,"column":41}},"16":{"start":{"line":69,"column":4},"end":{"line":69,"column":28}},"17":{"start":{"line":70,"column":4},"end":{"line":70,"column":42}},"18":{"start":{"line":73,"column":4},"end":{"line":73,"column":27}},"19":{"start":{"line":74,"column":4},"end":{"line":74,"column":23}},"20":{"start":{"line":77,"column":4},"end":{"line":77,"column":28}},"21":{"start":{"line":78,"column":4},"end":{"line":78,"column":31}},"22":{"start":{"line":83,"column":31},"end":{"line":83,"column":52}}},"fnMap":{"0":{"name":"(anonymous_0)","decl":{"start":{"line":31,"column":1},"end":{"line":31,"column":2}},"loc":{"start":{"line":31,"column":78},"end":{"line":39,"column":2}},"line":31},"1":{"name":"(anonymous_1)","decl":{"start":{"line":47,"column":1},"end":{"line":47,"column":2}},"loc":{"start":{"line":47,"column":78},"end":{"line":55,"column":2}},"line":47},"2":{"name":"(anonymous_2)","decl":{"start":{"line":62,"column":16},"end":{"line":62,"column":17}},"loc":{"start":{"line":62,"column":29},"end":{"line":80,"column":2}},"line":62},"3":{"name":"(anonymous_3)","decl":{"start":{"line":64,"column":42},"end":{"line":64,"column":43}},"loc":{"start":{"line":64,"column":61},"end":{"line":67,"column":4}},"line":64},"4":{"name":"(anonymous_4)","decl":{"start":{"line":68,"column":49},"end":{"line":68,"column":50}},"loc":{"start":{"line":68,"column":68},"end":{"line":71,"column":4}},"line":68},"5":{"name":"(anonymous_5)","decl":{"start":{"line":72,"column":43},"end":{"line":72,"column":44}},"loc":{"start":{"line":72,"column":54},"end":{"line":75,"column":4}},"line":72},"6":{"name":"(anonymous_6)","decl":{"start":{"line":76,"column":44},"end":{"line":76,"column":45}},"loc":{"start":{"line":76,"column":63},"end":{"line":79,"column":4}},"line":76}},"branchMap":{},"s":{"0":1,"1":1,"2":1,"3":0,"4":0,"5":0,"6":0,"7":1,"8":0,"9":0,"10":0,"11":0,"12":1,"13":1,"14":0,"15":0,"16":0,"17":0,"18":0,"19":0,"20":0,"21":0,"22":1},"f":{"0":0,"1":0,"2":1,"3":0,"4":0,"5":0,"6":0},"b":{},"_coverageSchema":"1a1c01bbd47fc00a2c39e90264f33305004495a9","hash":"566f2ba52435856f063d8d345243816168daa05b"}
,"/home/cchromos/Документы/coding/sberUniversity/dogFood/src/app/store/userStore/index.ts": {"path":"/home/cchromos/Документы/coding/sberUniversity/dogFood/src/app/store/userStore/index.ts","statementMap":{},"fnMap":{},"branchMap":{},"s":{},"f":{},"b":{},"_coverageSchema":"1a1c01bbd47fc00a2c39e90264f33305004495a9","hash":"c604a37c3b8d85a52abf00d9170a4ea04ed0eb54"}
,"/home/cchromos/Документы/coding/sberUniversity/dogFood/src/app/store/userStore/userStore.ts": {"path":"/home/cchromos/Документы/coding/sberUniversity/dogFood/src/app/store/userStore/userStore.ts","statementMap":{"0":{"start":{"line":12,"column":25},"end":{"line":12,"column":31}},"1":{"start":{"line":20,"column":32},"end":{"line":24,"column":1}},"2":{"start":{"line":26,"column":29},"end":{"line":37,"column":1}},"3":{"start":{"line":29,"column":2},"end":{"line":35,"column":3}},"4":{"start":{"line":30,"column":20},"end":{"line":30,"column":43}},"5":{"start":{"line":32,"column":3},"end":{"line":32,"column":37}},"6":{"start":{"line":34,"column":3},"end":{"line":34,"column":33}},"7":{"start":{"line":39,"column":30},"end":{"line":50,"column":1}},"8":{"start":{"line":42,"column":2},"end":{"line":48,"column":3}},"9":{"start":{"line":43,"column":20},"end":{"line":43,"column":54}},"10":{"start":{"line":45,"column":3},"end":{"line":45,"column":37}},"11":{"start":{"line":47,"column":3},"end":{"line":47,"column":33}},"12":{"start":{"line":52,"column":25},"end":{"line":75,"column":2}},"13":{"start":{"line":57,"column":3},"end":{"line":57,"column":38}},"14":{"start":{"line":61,"column":2},"end":{"line":73,"column":6}},"15":{"start":{"line":63,"column":4},"end":{"line":63,"column":27}},"16":{"start":{"line":64,"column":4},"end":{"line":64,"column":23}},"17":{"start":{"line":67,"column":4},"end":{"line":67,"column":28}},"18":{"start":{"line":68,"column":4},"end":{"line":68,"column":39}},"19":{"start":{"line":71,"column":4},"end":{"line":71,"column":28}},"20":{"start":{"line":72,"column":4},"end":{"line":72,"column":31}},"21":{"start":{"line":77,"column":31},"end":{"line":77,"column":48}},"22":{"start":{"line":79,"column":27},"end":{"line":79,"column":44}}},"fnMap":{"0":{"name":"(anonymous_0)","decl":{"start":{"line":28,"column":1},"end":{"line":28,"column":2}},"loc":{"start":{"line":28,"column":65},"end":{"line":36,"column":2}},"line":28},"1":{"name":"(anonymous_1)","decl":{"start":{"line":41,"column":1},"end":{"line":41,"column":2}},"loc":{"start":{"line":41,"column":72},"end":{"line":49,"column":2}},"line":41},"2":{"name":"(anonymous_2)","decl":{"start":{"line":56,"column":15},"end":{"line":56,"column":16}},"loc":{"start":{"line":56,"column":34},"end":{"line":58,"column":3}},"line":56},"3":{"name":"(anonymous_3)","decl":{"start":{"line":60,"column":16},"end":{"line":60,"column":17}},"loc":{"start":{"line":60,"column":29},"end":{"line":74,"column":2}},"line":60},"4":{"name":"(anonymous_4)","decl":{"start":{"line":62,"column":43},"end":{"line":62,"column":44}},"loc":{"start":{"line":62,"column":54},"end":{"line":65,"column":4}},"line":62},"5":{"name":"(anonymous_5)","decl":{"start":{"line":66,"column":45},"end":{"line":66,"column":46}},"loc":{"start":{"line":66,"column":64},"end":{"line":69,"column":4}},"line":66},"6":{"name":"(anonymous_6)","decl":{"start":{"line":70,"column":44},"end":{"line":70,"column":45}},"loc":{"start":{"line":70,"column":63},"end":{"line":73,"column":4}},"line":70}},"branchMap":{},"s":{"0":1,"1":1,"2":1,"3":0,"4":0,"5":0,"6":0,"7":1,"8":0,"9":0,"10":0,"11":0,"12":1,"13":0,"14":1,"15":0,"16":0,"17":0,"18":0,"19":0,"20":0,"21":1,"22":1},"f":{"0":0,"1":0,"2":0,"3":1,"4":0,"5":0,"6":0},"b":{},"_coverageSchema":"1a1c01bbd47fc00a2c39e90264f33305004495a9","hash":"7889aa9c54ed4febd23faafa67ba8fb01236b4d3"}
,"/home/cchromos/Документы/coding/sberUniversity/dogFood/src/app/utils/getIsLiked.ts": {"path":"/home/cchromos/Документы/coding/sberUniversity/dogFood/src/app/utils/getIsLiked.ts","statementMap":{"0":{"start":{"line":1,"column":26},"end":{"line":2,"column":48}},"1":{"start":{"line":2,"column":1},"end":{"line":2,"column":48}},"2":{"start":{"line":2,"column":25},"end":{"line":2,"column":47}}},"fnMap":{"0":{"name":"(anonymous_0)","decl":{"start":{"line":1,"column":26},"end":{"line":1,"column":27}},"loc":{"start":{"line":2,"column":1},"end":{"line":2,"column":48}},"line":2},"1":{"name":"(anonymous_1)","decl":{"start":{"line":2,"column":15},"end":{"line":2,"column":16}},"loc":{"start":{"line":2,"column":25},"end":{"line":2,"column":47}},"line":2}},"branchMap":{},"s":{"0":1,"1":0,"2":0},"f":{"0":0,"1":0},"b":{},"_coverageSchema":"1a1c01bbd47fc00a2c39e90264f33305004495a9","hash":"b15b48759fa3f612178de5e2a7c59f606f80bd16"}
,"/home/cchromos/Документы/coding/sberUniversity/dogFood/src/app/utils/getIsUserAuthorized.ts": {"path":"/home/cchromos/Документы/coding/sberUniversity/dogFood/src/app/utils/getIsUserAuthorized.ts","statementMap":{"0":{"start":{"line":3,"column":35},"end":{"line":5,"column":1}},"1":{"start":{"line":4,"column":1},"end":{"line":4,"column":63}}},"fnMap":{"0":{"name":"(anonymous_0)","decl":{"start":{"line":3,"column":35},"end":{"line":3,"column":36}},"loc":{"start":{"line":3,"column":50},"end":{"line":5,"column":1}},"line":3}},"branchMap":{},"s":{"0":1,"1":4},"f":{"0":4},"b":{},"_coverageSchema":"1a1c01bbd47fc00a2c39e90264f33305004495a9","hash":"a7bc003de972f913ab5172b573d5d530b6af9dc6"}
,"/home/cchromos/Документы/coding/sberUniversity/dogFood/src/app/utils/getPaginationData.ts": {"path":"/home/cchromos/Документы/coding/sberUniversity/dogFood/src/app/utils/getPaginationData.ts","statementMap":{"0":{"start":{"line":1,"column":33},"end":{"line":10,"column":1}},"1":{"start":{"line":6,"column":14},"end":{"line":6,"column":45}},"2":{"start":{"line":7,"column":12},"end":{"line":7,"column":37}},"3":{"start":{"line":9,"column":1},"end":{"line":9,"column":62}}},"fnMap":{"0":{"name":"(anonymous_0)","decl":{"start":{"line":1,"column":33},"end":{"line":1,"column":34}},"loc":{"start":{"line":5,"column":10},"end":{"line":10,"column":1}},"line":5}},"branchMap":{"0":{"loc":{"start":{"line":9,"column":26},"end":{"line":9,"column":60}},"type":"cond-expr","locations":[{"start":{"line":9,"column":46},"end":{"line":9,"column":55}},{"start":{"line":9,"column":58},"end":{"line":9,"column":60}}],"line":9}},"s":{"0":1,"1":0,"2":0,"3":0},"f":{"0":0},"b":{"0":[0,0]},"_coverageSchema":"1a1c01bbd47fc00a2c39e90264f33305004495a9","hash":"2d4a7c546972abb495ac7144b04d4065d212f01f"}
,"/home/cchromos/Документы/coding/sberUniversity/dogFood/src/app/utils/getPriceWithDiscount.ts": {"path":"/home/cchromos/Документы/coding/sberUniversity/dogFood/src/app/utils/getPriceWithDiscount.ts","statementMap":{"0":{"start":{"line":1,"column":36},"end":{"line":2,"column":63}},"1":{"start":{"line":2,"column":1},"end":{"line":2,"column":63}}},"fnMap":{"0":{"name":"(anonymous_0)","decl":{"start":{"line":1,"column":36},"end":{"line":1,"column":37}},"loc":{"start":{"line":2,"column":1},"end":{"line":2,"column":63}},"line":2}},"branchMap":{"0":{"loc":{"start":{"line":2,"column":1},"end":{"line":2,"column":63}},"type":"cond-expr","locations":[{"start":{"line":2,"column":12},"end":{"line":2,"column":55}},{"start":{"line":2,"column":58},"end":{"line":2,"column":63}}],"line":2}},"s":{"0":1,"1":0},"f":{"0":0},"b":{"0":[0,0]},"_coverageSchema":"1a1c01bbd47fc00a2c39e90264f33305004495a9","hash":"68aa725fd54b3cdd27c3ffc5c19c5a5a51a80772"}
,"/home/cchromos/Документы/coding/sberUniversity/dogFood/src/app/utils/index.ts": {"path":"/home/cchromos/Документы/coding/sberUniversity/dogFood/src/app/utils/index.ts","statementMap":{},"fnMap":{},"branchMap":{},"s":{},"f":{},"b":{},"_coverageSchema":"1a1c01bbd47fc00a2c39e90264f33305004495a9","hash":"5420de8a0b92e06cf023c8f68e0194ffb990a965"}
,"/home/cchromos/Документы/coding/sberUniversity/dogFood/src/app/utils/stringAvatar.ts": {"path":"/home/cchromos/Документы/coding/sberUniversity/dogFood/src/app/utils/stringAvatar.ts","statementMap":{"0":{"start":{"line":3,"column":28},"end":{"line":13,"column":1}},"1":{"start":{"line":4,"column":1},"end":{"line":12,"column":3}}},"fnMap":{"0":{"name":"(anonymous_0)","decl":{"start":{"line":3,"column":28},"end":{"line":3,"column":29}},"loc":{"start":{"line":3,"column":64},"end":{"line":13,"column":1}},"line":3}},"branchMap":{"0":{"loc":{"start":{"line":9,"column":12},"end":{"line":11,"column":14}},"type":"cond-expr","locations":[{"start":{"line":10,"column":5},"end":{"line":10,"column":55}},{"start":{"line":11,"column":5},"end":{"line":11,"column":14}}],"line":9}},"s":{"0":1,"1":0},"f":{"0":0},"b":{"0":[0,0]},"_coverageSchema":"1a1c01bbd47fc00a2c39e90264f33305004495a9","hash":"37cf1dfcd945ae3cb6653a8719dc52c91f8aaf34"}
,"/home/cchromos/Документы/coding/sberUniversity/dogFood/src/app/utils/stringToColor.ts": {"path":"/home/cchromos/Документы/coding/sberUniversity/dogFood/src/app/utils/stringToColor.ts","statementMap":{"0":{"start":{"line":1,"column":29},"end":{"line":21,"column":1}},"1":{"start":{"line":2,"column":12},"end":{"line":2,"column":13}},"2":{"start":{"line":5,"column":1},"end":{"line":7,"column":2}},"3":{"start":{"line":6,"column":2},"end":{"line":6,"column":59}},"4":{"start":{"line":9,"column":1},"end":{"line":11,"column":2}},"5":{"start":{"line":10,"column":2},"end":{"line":10,"column":53}},"6":{"start":{"line":13,"column":13},"end":{"line":13,"column":16}},"7":{"start":{"line":15,"column":1},"end":{"line":18,"column":2}},"8":{"start":{"line":16,"column":16},"end":{"line":16,"column":40}},"9":{"start":{"line":17,"column":2},"end":{"line":17,"column":47}},"10":{"start":{"line":20,"column":1},"end":{"line":20,"column":14}}},"fnMap":{"0":{"name":"(anonymous_0)","decl":{"start":{"line":1,"column":29},"end":{"line":1,"column":30}},"loc":{"start":{"line":1,"column":50},"end":{"line":21,"column":1}},"line":1}},"branchMap":{"0":{"loc":{"start":{"line":5,"column":1},"end":{"line":7,"column":2}},"type":"if","locations":[{"start":{"line":5,"column":1},"end":{"line":7,"column":2}},{"start":{},"end":{}}],"line":5}},"s":{"0":1,"1":0,"2":0,"3":0,"4":0,"5":0,"6":0,"7":0,"8":0,"9":0,"10":0},"f":{"0":0},"b":{"0":[0,0]},"_coverageSchema":"1a1c01bbd47fc00a2c39e90264f33305004495a9","hash":"df3750817d7f5398bcf97a4e46d5f7c296280f2f"}
}
